Makefile:45: src/DeutPrimaryGeneratorAction.d: No such file or directory
Makefile:45: src/DeutDetectorConstructionMessenger.d: No such file or directory
Makefile:45: src/DeutDetectorConstruction.d: No such file or directory
Makefile:45: src/DeutTrackingAction.d: No such file or directory
Makefile:45: src/DeutSteppingAction.d: No such file or directory
cc -M -Iinclude -I/data4/tbt23/smsimulator5.5/smg4lib/include -I/data4/Bryan/anaroot/install/include -I/data4/Bryan/geant4-11.1.2/install/include/Geant4 -I/data3/ROOT/root_latest/root_install/include src/DeutSteppingAction.cc > src/DeutSteppingAction.d.$$; \
sed 's,\(src/DeutSteppingAction\)\.o[ :]*,\1.o src/DeutSteppingAction.d : ,g' < src/DeutSteppingAction.d.$$ > src/DeutSteppingAction.d; \
rm -f src/DeutSteppingAction.d.$$
cc -M -Iinclude -I/data4/tbt23/smsimulator5.5/smg4lib/include -I/data4/Bryan/anaroot/install/include -I/data4/Bryan/geant4-11.1.2/install/include/Geant4 -I/data3/ROOT/root_latest/root_install/include src/DeutTrackingAction.cc > src/DeutTrackingAction.d.$$; \
sed 's,\(src/DeutTrackingAction\)\.o[ :]*,\1.o src/DeutTrackingAction.d : ,g' < src/DeutTrackingAction.d.$$ > src/DeutTrackingAction.d; \
rm -f src/DeutTrackingAction.d.$$
cc -M -Iinclude -I/data4/tbt23/smsimulator5.5/smg4lib/include -I/data4/Bryan/anaroot/install/include -I/data4/Bryan/geant4-11.1.2/install/include/Geant4 -I/data3/ROOT/root_latest/root_install/include src/DeutDetectorConstruction.cc > src/DeutDetectorConstruction.d.$$; \
sed 's,\(src/DeutDetectorConstruction\)\.o[ :]*,\1.o src/DeutDetectorConstruction.d : ,g' < src/DeutDetectorConstruction.d.$$ > src/DeutDetectorConstruction.d; \
rm -f src/DeutDetectorConstruction.d.$$
cc -M -Iinclude -I/data4/tbt23/smsimulator5.5/smg4lib/include -I/data4/Bryan/anaroot/install/include -I/data4/Bryan/geant4-11.1.2/install/include/Geant4 -I/data3/ROOT/root_latest/root_install/include src/DeutDetectorConstructionMessenger.cc > src/DeutDetectorConstructionMessenger.d.$$; \
sed 's,\(src/DeutDetectorConstructionMessenger\)\.o[ :]*,\1.o src/DeutDetectorConstructionMessenger.d : ,g' < src/DeutDetectorConstructionMessenger.d.$$ > src/DeutDetectorConstructionMessenger.d; \
rm -f src/DeutDetectorConstructionMessenger.d.$$
cc -M -Iinclude -I/data4/tbt23/smsimulator5.5/smg4lib/include -I/data4/Bryan/anaroot/install/include -I/data4/Bryan/geant4-11.1.2/install/include/Geant4 -I/data3/ROOT/root_latest/root_install/include src/DeutPrimaryGeneratorAction.cc > src/DeutPrimaryGeneratorAction.d.$$; \
sed 's,\(src/DeutPrimaryGeneratorAction\)\.o[ :]*,\1.o src/DeutPrimaryGeneratorAction.d : ,g' < src/DeutPrimaryGeneratorAction.d.$$ > src/DeutPrimaryGeneratorAction.d; \
rm -f src/DeutPrimaryGeneratorAction.d.$$
c++ -shared -Iinclude -I/data4/tbt23/smsimulator5.5/smg4lib/include -I/data4/Bryan/anaroot/install/include -I/data4/Bryan/geant4-11.1.2/install/include/Geant4 -I/data3/ROOT/root_latest/root_install/include -O3 -fPIC -m64 -DG4INTY_USE_XT -DG4VIS_USE_OPENGL -DG4UI_USE_TCSH -DG4INTY_USE_QT -DG4UI_USE_QT -DG4VIS_USE_OPENGLQT -I/usr/include/x86_64-linux-gnu/qt5/ -I/usr/include/x86_64-linux-gnu/qt5/QtCore -I/usr/lib/x86_64-linux-gnu/qt5//mkspecs/linux-g++ -I/usr/include/x86_64-linux-gnu/qt5/QtGui -I/usr/include/x86_64-linux-gnu/qt5/QtWidgets -I/usr/include/x86_64-linux-gnu/qt5/QtOpenGL -I/usr/include/x86_64-linux-gnu/qt5/QtPrintSupport -DG4VIS_USE_RAYTRACERX -DG4VIS_USE_OPENGLX -W -Wall -pedantic -Wno-non-virtual-dtor -Wno-long-long -Wwrite-strings -Wpointer-arith -Woverloaded-virtual -Wno-variadic-macros -Wshadow -pipe -DG4USE_STD11 -std=c++11 -I/data/CEE/geant4/geant4.10.05.p01-install/bin/../include/Geant4 src/DeutPrimaryGeneratorAction.cc src/DeutDetectorConstructionMessenger.cc src/DeutDetectorConstruction.cc src/DeutTrackingAction.cc src/DeutSteppingAction.cc \
 -lsmphysics -lsmaction -lsmconstruction -lsmdata -L/data4/Bryan/anaroot/install/lib -lanasamurai -lanabrips -lanacore -lXMLParser -L/data3/ROOT/root_latest/root_install/lib -lGui -lCore -lImt -lRIO -lNet -lHist -lGraf -lGraf3d -lGpad -lROOTVecOps -lTree -lTreePlayer -lRint -lPostscript -lMatrix -lPhysics -lMathCore -lThread -lMultiProc -lROOTDataFrame -Wl,-rpath,/data3/ROOT/root_latest/root_install/lib -pthread -lm -ldl -rdynamic -ltbb -L/data/CEE/geant4/geant4.10.05.p01-install/bin/../lib -lG4OpenGL -lG4gl2ps -lG4Tree -lG4FR -lG4GMocren -lG4visHepRep -lG4RayTracer -lG4VRML -lG4vis_management -lG4modeling -lG4interfaces -lG4persistency -lG4analysis -lG4error_propagation -lG4readout -lG4physicslists -lG4run -lG4event -lG4tracking -lG4parmodels -lG4processes -lG4digits_hits -lG4track -lG4particles -lG4geometry -lG4materials -lG4graphics_reps -lG4intercoms -lG4global -lG4clhep -lG4zlib -o libsim_deuteron.so
In file included from /data3/ROOT/root_latest/root_install/include/ROOT/RConfig.hxx:23,
                 from /data3/ROOT/root_latest/root_install/include/RtypesCore.h:23,
                 from /data3/ROOT/root_latest/root_install/include/Rtypes.h:23,
                 from /data3/ROOT/root_latest/root_install/include/TString.h:26,
                 from /data4/tbt23/smsimulator5.5/smg4lib/include/PrimaryGeneratorActionBasic.hh:8,
                 from include/DeutPrimaryGeneratorAction.hh:4,
                 from src/DeutPrimaryGeneratorAction.cc:1:
/data3/ROOT/root_latest/root_install/include/RConfigure.h:30:4: warning: #warning is a GCC extension
   30 | #  warning "The C++ standard in this build does not match ROOT configuration (201402L); this might cause unexpected issues"
      |    ^~~~~~~
/data3/ROOT/root_latest/root_install/include/RConfigure.h:30:4: warning: #warning "The C++ standard in this build does not match ROOT configuration (201402L); this might cause unexpected issues" [-Wcpp]
In file included from /data3/ROOT/root_latest/root_install/include/RtypesCore.h:23,
                 from /data3/ROOT/root_latest/root_install/include/Rtypes.h:23,
                 from /data3/ROOT/root_latest/root_install/include/TString.h:26,
                 from /data4/tbt23/smsimulator5.5/smg4lib/include/PrimaryGeneratorActionBasic.hh:8,
                 from include/DeutPrimaryGeneratorAction.hh:4,
                 from src/DeutPrimaryGeneratorAction.cc:1:
/data3/ROOT/root_latest/root_install/include/ROOT/RConfig.hxx:48:4: error: #error "ROOT requires support for C++14 or higher."
   48 | #  error "ROOT requires support for C++14 or higher."
      |    ^~~~~
/data3/ROOT/root_latest/root_install/include/ROOT/RConfig.hxx:50:5: error: #error "Pass `-std=c++14` as compiler argument."
   50 | #   error "Pass `-std=c++14` as compiler argument."
      |     ^~~~~
In file included from /data4/Bryan/geant4-11.1.2/install/include/Geant4/globals.hh:50,
                 from /data4/tbt23/smsimulator5.5/smg4lib/include/PrimaryGeneratorActionBasic.hh:5,
                 from include/DeutPrimaryGeneratorAction.hh:4,
                 from src/DeutPrimaryGeneratorAction.cc:1:
/data4/Bryan/geant4-11.1.2/install/include/Geant4/G4String.hh:117:31: error: ‘std::string_view’ has not been declared
  117 |   inline G4int compareTo(std::string_view, caseCompare mode = exact) const;
      |                               ^~~~~~~~~~~
/data4/Bryan/geant4-11.1.2/install/include/Geant4/G4String.hh:222:52: error: ‘std::string_view’ has not been declared
  222 |   inline G4bool contains(const G4String& str, std::string_view ss);
      |                                                    ^~~~~~~~~~~
/data4/Bryan/geant4-11.1.2/install/include/Geant4/G4String.hh:248:3: warning: inline variables are only available with ‘-std=c++17’ or ‘-std=gnu++17’
  248 |   inline G4int icompare(std::string_view lhs, std::string_view rhs);
      |   ^~~~~~
/data4/Bryan/geant4-11.1.2/install/include/Geant4/G4String.hh:248:30: error: ‘string_view’ is not a member of ‘std’
  248 |   inline G4int icompare(std::string_view lhs, std::string_view rhs);
      |                              ^~~~~~~~~~~
/data4/Bryan/geant4-11.1.2/install/include/Geant4/G4String.hh:248:30: note: ‘std::string_view’ is only available from C++17 onwards
/data4/Bryan/geant4-11.1.2/install/include/Geant4/G4String.hh:248:52: error: ‘string_view’ is not a member of ‘std’
  248 |   inline G4int icompare(std::string_view lhs, std::string_view rhs);
      |                                                    ^~~~~~~~~~~
/data4/Bryan/geant4-11.1.2/install/include/Geant4/G4String.hh:248:52: note: ‘std::string_view’ is only available from C++17 onwards
/data4/Bryan/geant4-11.1.2/install/include/Geant4/G4String.hh:248:67: error: expression list treated as compound expression in initializer [-fpermissive]
  248 |   inline G4int icompare(std::string_view lhs, std::string_view rhs);
      |                                                                   ^
/data4/Bryan/geant4-11.1.2/install/include/Geant4/G4String.hh:255:53: error: ‘std::string_view’ has not been declared
  255 |   inline bool starts_with(const G4String& str, std::string_view ss);
      |                                                     ^~~~~~~~~~~
/data4/Bryan/geant4-11.1.2/install/include/Geant4/G4String.hh:276:51: error: ‘std::string_view’ has not been declared
  276 |   inline bool ends_with(const G4String& str, std::string_view ss);
      |                                                   ^~~~~~~~~~~
In file included from /data4/Bryan/geant4-11.1.2/install/include/Geant4/G4String.hh:316,
                 from /data4/Bryan/geant4-11.1.2/install/include/Geant4/globals.hh:50,
                 from /data4/tbt23/smsimulator5.5/smg4lib/include/PrimaryGeneratorActionBasic.hh:5,
                 from include/DeutPrimaryGeneratorAction.hh:4,
                 from src/DeutPrimaryGeneratorAction.cc:1:
/data4/Bryan/geant4-11.1.2/install/include/Geant4/G4String.icc:73:1: warning: inline variables are only available with ‘-std=c++17’ or ‘-std=gnu++17’
   73 | inline G4int G4String::compareTo(std::string_view str, caseCompare mode) const
      | ^~~~~~
/data4/Bryan/geant4-11.1.2/install/include/Geant4/G4String.icc:73:14: error: ‘G4int G4String::compareTo’ is not a static data member of ‘class G4String’
   73 | inline G4int G4String::compareTo(std::string_view str, caseCompare mode) const
      |              ^~~~~~~~
/data4/Bryan/geant4-11.1.2/install/include/Geant4/G4String.icc:73:39: error: ‘string_view’ is not a member of ‘std’
   73 | inline G4int G4String::compareTo(std::string_view str, caseCompare mode) const
      |                                       ^~~~~~~~~~~
/data4/Bryan/geant4-11.1.2/install/include/Geant4/G4String.icc:73:39: note: ‘std::string_view’ is only available from C++17 onwards
/data4/Bryan/geant4-11.1.2/install/include/Geant4/G4String.icc:73:68: error: expected primary-expression before ‘mode’
   73 | inline G4int G4String::compareTo(std::string_view str, caseCompare mode) const
      |                                                                    ^~~~
/data4/Bryan/geant4-11.1.2/install/include/Geant4/G4String.icc:73:72: error: expression list treated as compound expression in initializer [-fpermissive]
   73 | inline G4int G4String::compareTo(std::string_view str, caseCompare mode) const
      |                                                                        ^
/data4/Bryan/geant4-11.1.2/install/include/Geant4/G4String.icc:210:52: error: ‘std::string_view’ has not been declared
  210 |   inline G4bool contains(const G4String& str, std::string_view ss)
      |                                                    ^~~~~~~~~~~
/data4/Bryan/geant4-11.1.2/install/include/Geant4/G4String.icc:230:3: warning: inline variables are only available with ‘-std=c++17’ or ‘-std=gnu++17’
  230 |   inline G4int icompare(std::string_view lhs, std::string_view rhs)
      |   ^~~~~~
/data4/Bryan/geant4-11.1.2/install/include/Geant4/G4String.icc:230:16: error: redefinition of ‘G4int G4StrUtil::icompare’
  230 |   inline G4int icompare(std::string_view lhs, std::string_view rhs)
      |                ^~~~~~~~
In file included from /data4/Bryan/geant4-11.1.2/install/include/Geant4/globals.hh:50,
                 from /data4/tbt23/smsimulator5.5/smg4lib/include/PrimaryGeneratorActionBasic.hh:5,
                 from include/DeutPrimaryGeneratorAction.hh:4,
                 from src/DeutPrimaryGeneratorAction.cc:1:
/data4/Bryan/geant4-11.1.2/install/include/Geant4/G4String.hh:248:16: note: ‘G4int G4StrUtil::icompare’ previously defined here
  248 |   inline G4int icompare(std::string_view lhs, std::string_view rhs);
      |                ^~~~~~~~
In file included from /data4/Bryan/geant4-11.1.2/install/include/Geant4/G4String.hh:316,
                 from /data4/Bryan/geant4-11.1.2/install/include/Geant4/globals.hh:50,
                 from /data4/tbt23/smsimulator5.5/smg4lib/include/PrimaryGeneratorActionBasic.hh:5,
                 from include/DeutPrimaryGeneratorAction.hh:4,
                 from src/DeutPrimaryGeneratorAction.cc:1:
/data4/Bryan/geant4-11.1.2/install/include/Geant4/G4String.icc:230:30: error: ‘string_view’ is not a member of ‘std’
  230 |   inline G4int icompare(std::string_view lhs, std::string_view rhs)
      |                              ^~~~~~~~~~~
/data4/Bryan/geant4-11.1.2/install/include/Geant4/G4String.icc:230:30: note: ‘std::string_view’ is only available from C++17 onwards
/data4/Bryan/geant4-11.1.2/install/include/Geant4/G4String.icc:230:52: error: ‘string_view’ is not a member of ‘std’
  230 |   inline G4int icompare(std::string_view lhs, std::string_view rhs)
      |                                                    ^~~~~~~~~~~
/data4/Bryan/geant4-11.1.2/install/include/Geant4/G4String.icc:230:52: note: ‘std::string_view’ is only available from C++17 onwards
/data4/Bryan/geant4-11.1.2/install/include/Geant4/G4String.icc:237:53: error: ‘std::string_view’ has not been declared
  237 |   inline bool starts_with(const G4String& str, std::string_view ss)
      |                                                     ^~~~~~~~~~~
/data4/Bryan/geant4-11.1.2/install/include/Geant4/G4String.icc:257:51: error: ‘std::string_view’ has not been declared
  257 |   inline bool ends_with(const G4String& str, std::string_view ss)
      |                                                   ^~~~~~~~~~~
/data4/Bryan/geant4-11.1.2/install/include/Geant4/G4String.icc: In function ‘bool G4StrUtil::ends_with(const G4String&, int)’:
/data4/Bryan/geant4-11.1.2/install/include/Geant4/G4String.icc:259:26: error: request for member ‘length’ in ‘ss’, which is of non-class type ‘int’
  259 |     if(str.length() < ss.length())
      |                          ^~~~~~
/data4/Bryan/geant4-11.1.2/install/include/Geant4/G4String.icc:263:42: error: request for member ‘length’ in ‘ss’, which is of non-class type ‘int’
  263 |     return str.compare(str.length() - ss.length(), ss.length(), ss) == 0;
      |                                          ^~~~~~
/data4/Bryan/geant4-11.1.2/install/include/Geant4/G4String.icc:263:55: error: request for member ‘length’ in ‘ss’, which is of non-class type ‘int’
  263 |     return str.compare(str.length() - ss.length(), ss.length(), ss) == 0;
      |                                                       ^~~~~~
/data4/Bryan/geant4-11.1.2/install/include/Geant4/G4String.icc: In function ‘bool G4StrUtil::ends_with(const G4String&, const char*)’:
/data4/Bryan/geant4-11.1.2/install/include/Geant4/G4String.icc:273:10: error: ‘string_view’ is not a member of ‘std’
  273 |     std::string_view sv(ss);
      |          ^~~~~~~~~~~
/data4/Bryan/geant4-11.1.2/install/include/Geant4/G4String.icc:273:10: note: ‘std::string_view’ is only available from C++17 onwards
/data4/Bryan/geant4-11.1.2/install/include/Geant4/G4String.icc:274:27: error: ‘sv’ was not declared in this scope; did you mean ‘ss’?
  274 |     return ends_with(str, sv);
      |                           ^~
      |                           ss
/data4/Bryan/geant4-11.1.2/install/include/Geant4/G4String.icc:271:58: warning: unused parameter ‘ss’ [-Wunused-parameter]
  271 |   inline bool ends_with(const G4String& str, const char* ss)
      |                                              ~~~~~~~~~~~~^~
In file included from /data3/ROOT/root_latest/root_install/include/TString.h:29,
                 from /data4/tbt23/smsimulator5.5/smg4lib/include/PrimaryGeneratorActionBasic.hh:8,
                 from include/DeutPrimaryGeneratorAction.hh:4,
                 from src/DeutPrimaryGeneratorAction.cc:1:
/data3/ROOT/root_latest/root_install/include/ROOT/RStringView.hxx: At global scope:
/data3/ROOT/root_latest/root_install/include/ROOT/RStringView.hxx:38:37: error: ‘experimental’ in namespace ‘std’ does not name a type
   38 |    using basic_string_view = ::std::experimental::basic_string_view<_CharT,_Traits>;
      |                                     ^~~~~~~~~~~~
/data3/ROOT/root_latest/root_install/include/ROOT/RStringView.hxx:41:12: error: ‘basic_string_view’ does not name a type
   41 |    typedef basic_string_view<char> string_view;
      |            ^~~~~~~~~~~~~~~~~
/data3/ROOT/root_latest/root_install/include/ROOT/RStringView.hxx:42:12: error: ‘basic_string_view’ does not name a type
   42 |    typedef basic_string_view<char16_t> u16string_view;
      |            ^~~~~~~~~~~~~~~~~
/data3/ROOT/root_latest/root_install/include/ROOT/RStringView.hxx:43:12: error: ‘basic_string_view’ does not name a type
   43 |    typedef basic_string_view<char32_t> u32string_view;
      |            ^~~~~~~~~~~~~~~~~
/data3/ROOT/root_latest/root_install/include/ROOT/RStringView.hxx:44:12: error: ‘basic_string_view’ does not name a type
   44 |    typedef basic_string_view<wchar_t> wstring_view;
      |            ^~~~~~~~~~~~~~~~~
/data3/ROOT/root_latest/root_install/include/ROOT/RStringView.hxx:54:4: warning: inline variables are only available with ‘-std=c++17’ or ‘-std=gnu++17’
   54 |    inline double stod(std::string_view str, size_t *pos)
      |    ^~~~~~
/data3/ROOT/root_latest/root_install/include/ROOT/RStringView.hxx:54:28: error: ‘string_view’ is not a member of ‘std’
   54 |    inline double stod(std::string_view str, size_t *pos)
      |                            ^~~~~~~~~~~
/data3/ROOT/root_latest/root_install/include/ROOT/RStringView.hxx:54:28: note: ‘std::string_view’ is only available from C++17 onwards
/data3/ROOT/root_latest/root_install/include/ROOT/RStringView.hxx:54:52: error: expected primary-expression before ‘*’ token
   54 |    inline double stod(std::string_view str, size_t *pos)
      |                                                    ^
/data3/ROOT/root_latest/root_install/include/ROOT/RStringView.hxx:54:53: error: ‘pos’ was not declared in this scope; did you mean ‘pow’?
   54 |    inline double stod(std::string_view str, size_t *pos)
      |                                                     ^~~
      |                                                     pow
/data3/ROOT/root_latest/root_install/include/ROOT/RStringView.hxx:54:56: error: expression list treated as compound expression in initializer [-fpermissive]
   54 |    inline double stod(std::string_view str, size_t *pos)
      |                                                        ^
/data3/ROOT/root_latest/root_install/include/ROOT/RStringView.hxx:71:56: error: ‘std::string_view’ has not been declared
   71 | inline std::string &operator+=(std::string &left, std::string_view right)
      |                                                        ^~~~~~~~~~~
/data3/ROOT/root_latest/root_install/include/ROOT/RStringView.hxx: In function ‘std::string& std::__ROOT::operator+=(std::string&, int)’:
/data3/ROOT/root_latest/root_install/include/ROOT/RStringView.hxx:73:29: error: request for member ‘data’ in ‘right’, which is of non-class type ‘int’
   73 |    return left.append(right.data(), right.size());
      |                             ^~~~
/data3/ROOT/root_latest/root_install/include/ROOT/RStringView.hxx:73:43: error: request for member ‘size’ in ‘right’, which is of non-class type ‘int’
   73 |    return left.append(right.data(), right.size());
      |                                           ^~~~
/data3/ROOT/root_latest/root_install/include/ROOT/RStringView.hxx: At global scope:
/data3/ROOT/root_latest/root_install/include/ROOT/RStringView.hxx:90:17: error: expected type-specifier
   90 |        operator std::string_view() const { return std::string_view(fData,fLength); }
      |                 ^~~
In file included from /data3/ROOT/root_latest/root_install/include/TString.h:30,
                 from /data4/tbt23/smsimulator5.5/smg4lib/include/PrimaryGeneratorActionBasic.hh:8,
                 from include/DeutPrimaryGeneratorAction.hh:4,
                 from src/DeutPrimaryGeneratorAction.cc:1:
/data3/ROOT/root_latest/root_install/include/ROOT/TypeTraits.hxx:49:54: error: ‘decay_t’ is not a member of ‘std’; did you mean ‘decay’?
   49 |    using arg_types = ROOT::TypeTraits::TypeList<std::decay_t<Args>...>;
      |                                                      ^~~~~~~
      |                                                      decay
/data3/ROOT/root_latest/root_install/include/ROOT/TypeTraits.hxx:49:54: error: ‘decay_t’ is not a member of ‘std’; did you mean ‘decay’?
   49 |    using arg_types = ROOT::TypeTraits::TypeList<std::decay_t<Args>...>;
      |                                                      ^~~~~~~
      |                                                      decay
/data3/ROOT/root_latest/root_install/include/ROOT/TypeTraits.hxx:49:66: error: template argument 1 is invalid
   49 |    using arg_types = ROOT::TypeTraits::TypeList<std::decay_t<Args>...>;
      |                                                                  ^
/data3/ROOT/root_latest/root_install/include/ROOT/TypeTraits.hxx:57:54: error: ‘decay_t’ is not a member of ‘std’; did you mean ‘decay’?
   57 |    using arg_types = ROOT::TypeTraits::TypeList<std::decay_t<Args>...>;
      |                                                      ^~~~~~~
      |                                                      decay
/data3/ROOT/root_latest/root_install/include/ROOT/TypeTraits.hxx:57:54: error: ‘decay_t’ is not a member of ‘std’; did you mean ‘decay’?
   57 |    using arg_types = ROOT::TypeTraits::TypeList<std::decay_t<Args>...>;
      |                                                      ^~~~~~~
      |                                                      decay
/data3/ROOT/root_latest/root_install/include/ROOT/TypeTraits.hxx:57:66: error: template argument 1 is invalid
   57 |    using arg_types = ROOT::TypeTraits::TypeList<std::decay_t<Args>...>;
      |                                                                  ^
/data3/ROOT/root_latest/root_install/include/ROOT/TypeTraits.hxx:65:54: error: ‘decay_t’ is not a member of ‘std’; did you mean ‘decay’?
   65 |    using arg_types = ROOT::TypeTraits::TypeList<std::decay_t<Args>...>;
      |                                                      ^~~~~~~
      |                                                      decay
/data3/ROOT/root_latest/root_install/include/ROOT/TypeTraits.hxx:65:54: error: ‘decay_t’ is not a member of ‘std’; did you mean ‘decay’?
   65 |    using arg_types = ROOT::TypeTraits::TypeList<std::decay_t<Args>...>;
      |                                                      ^~~~~~~
      |                                                      decay
/data3/ROOT/root_latest/root_install/include/ROOT/TypeTraits.hxx:65:66: error: template argument 1 is invalid
   65 |    using arg_types = ROOT::TypeTraits::TypeList<std::decay_t<Args>...>;
      |                                                                  ^
/data3/ROOT/root_latest/root_install/include/ROOT/TypeTraits.hxx:73:54: error: ‘decay_t’ is not a member of ‘std’; did you mean ‘decay’?
   73 |    using arg_types = ROOT::TypeTraits::TypeList<std::decay_t<Args>...>;
      |                                                      ^~~~~~~
      |                                                      decay
/data3/ROOT/root_latest/root_install/include/ROOT/TypeTraits.hxx:73:54: error: ‘decay_t’ is not a member of ‘std’; did you mean ‘decay’?
   73 |    using arg_types = ROOT::TypeTraits::TypeList<std::decay_t<Args>...>;
      |                                                      ^~~~~~~
      |                                                      decay
/data3/ROOT/root_latest/root_install/include/ROOT/TypeTraits.hxx:73:66: error: template argument 1 is invalid
   73 |    using arg_types = ROOT::TypeTraits::TypeList<std::decay_t<Args>...>;
      |                                                                  ^
/data3/ROOT/root_latest/root_install/include/ROOT/TypeTraits.hxx:201:29: error: ‘result_of_t’ in namespace ‘std’ does not name a template type; did you mean ‘result_of’?
  201 | using InvokeResult_t = std::result_of_t<F(Args...)>;
      |                             ^~~~~~~~~~~
      |                             result_of
In file included from /data4/tbt23/smsimulator5.5/smg4lib/include/PrimaryGeneratorActionBasic.hh:8,
                 from include/DeutPrimaryGeneratorAction.hh:4,
                 from src/DeutPrimaryGeneratorAction.cc:1:
/data3/ROOT/root_latest/root_install/include/TString.h:118:13: error: expected type-specifier
  118 |    operator std::string_view() const { return std::string_view(Data(),fExtent); }
      |             ^~~
/data3/ROOT/root_latest/root_install/include/TString.h:291:32: error: ‘string_view’ in namespace ‘std’ does not name a type
  291 |    explicit TString(const std::string_view &sub);
      |                                ^~~~~~~~~~~
/data3/ROOT/root_latest/root_install/include/TString.h:291:27: note: ‘std::string_view’ is only available from C++17 onwards
  291 |    explicit TString(const std::string_view &sub);
      |                           ^~~
/data3/ROOT/root_latest/root_install/include/TString.h:328:37: error: ‘string_view’ in namespace ‘std’ does not name a type
  328 |    TString    &operator=(const std::string_view &s);
      |                                     ^~~~~~~~~~~
/data3/ROOT/root_latest/root_install/include/TString.h:328:32: note: ‘std::string_view’ is only available from C++17 onwards
  328 |    TString    &operator=(const std::string_view &s);
      |                                ^~~
/data3/ROOT/root_latest/root_install/include/TString.h:456:9: error: ‘string_view’ in namespace ‘std’ does not name a type
  456 |    std::string_view View() const { return std::string_view(GetPointer(),Length()); }
      |         ^~~~~~~~~~~
/data3/ROOT/root_latest/root_install/include/TString.h:456:4: note: ‘std::string_view’ is only available from C++17 onwards
  456 |    std::string_view View() const { return std::string_view(GetPointer(),Length()); }
      |    ^~~
In file included from /data4/tbt23/smsimulator5.5/smg4lib/include/PrimaryGeneratorActionBasic.hh:8,
                 from include/DeutPrimaryGeneratorAction.hh:4,
                 from src/DeutPrimaryGeneratorAction.cc:1:
/data3/ROOT/root_latest/root_install/include/TString.h:851:53: error: ‘string_view’ in namespace ‘std’ does not name a type
  851 | inline Bool_t operator==(const char *s1, const std::string_view &s2)
      |                                                     ^~~~~~~~~~~
/data3/ROOT/root_latest/root_install/include/TString.h:851:48: note: ‘std::string_view’ is only available from C++17 onwards
  851 | inline Bool_t operator==(const char *s1, const std::string_view &s2)
      |                                                ^~~
/data3/ROOT/root_latest/root_install/include/TString.h:851:15: error: ‘Bool_t operator==(const char*, const int&)’ must have an argument of class or enumerated type
  851 | inline Bool_t operator==(const char *s1, const std::string_view &s2)
      |               ^~~~~~~~
/data3/ROOT/root_latest/root_install/include/TString.h:856:37: error: ‘string_view’ in namespace ‘std’ does not name a type
  856 | inline Bool_t operator==(const std::string_view &s1, const char *s2)
      |                                     ^~~~~~~~~~~
/data3/ROOT/root_latest/root_install/include/TString.h:856:32: note: ‘std::string_view’ is only available from C++17 onwards
  856 | inline Bool_t operator==(const std::string_view &s1, const char *s2)
      |                                ^~~
/data3/ROOT/root_latest/root_install/include/TString.h:856:15: error: ‘Bool_t operator==(const int&, const char*)’ must have an argument of class or enumerated type
  856 | inline Bool_t operator==(const std::string_view &s1, const char *s2)
      |               ^~~~~~~~
/data3/ROOT/root_latest/root_install/include/TString.h:869:37: error: ‘string_view’ in namespace ‘std’ does not name a type
  869 |   std::string printValue(const std::string_view* val);
      |                                     ^~~~~~~~~~~
/data3/ROOT/root_latest/root_install/include/TString.h:869:32: note: ‘std::string_view’ is only available from C++17 onwards
  869 |   std::string printValue(const std::string_view* val);
      |                                ^~~
In file included from /data4/Bryan/geant4-11.1.2/install/include/Geant4/globals.hh:50,
                 from /data4/Bryan/geant4-11.1.2/install/include/Geant4/G4UImessenger.hh:42,
                 from include/DeutDetectorConstructionMessenger.hh:4,
                 from src/DeutDetectorConstructionMessenger.cc:1:
/data4/Bryan/geant4-11.1.2/install/include/Geant4/G4String.hh:117:31: error: ‘std::string_view’ has not been declared
  117 |   inline G4int compareTo(std::string_view, caseCompare mode = exact) const;
      |                               ^~~~~~~~~~~
/data4/Bryan/geant4-11.1.2/install/include/Geant4/G4String.hh:222:52: error: ‘std::string_view’ has not been declared
  222 |   inline G4bool contains(const G4String& str, std::string_view ss);
      |                                                    ^~~~~~~~~~~
/data4/Bryan/geant4-11.1.2/install/include/Geant4/G4String.hh:248:3: warning: inline variables are only available with ‘-std=c++17’ or ‘-std=gnu++17’
  248 |   inline G4int icompare(std::string_view lhs, std::string_view rhs);
      |   ^~~~~~
/data4/Bryan/geant4-11.1.2/install/include/Geant4/G4String.hh:248:30: error: ‘string_view’ is not a member of ‘std’
  248 |   inline G4int icompare(std::string_view lhs, std::string_view rhs);
      |                              ^~~~~~~~~~~
/data4/Bryan/geant4-11.1.2/install/include/Geant4/G4String.hh:248:30: note: ‘std::string_view’ is only available from C++17 onwards
/data4/Bryan/geant4-11.1.2/install/include/Geant4/G4String.hh:248:52: error: ‘string_view’ is not a member of ‘std’
  248 |   inline G4int icompare(std::string_view lhs, std::string_view rhs);
      |                                                    ^~~~~~~~~~~
/data4/Bryan/geant4-11.1.2/install/include/Geant4/G4String.hh:248:52: note: ‘std::string_view’ is only available from C++17 onwards
/data4/Bryan/geant4-11.1.2/install/include/Geant4/G4String.hh:248:67: error: expression list treated as compound expression in initializer [-fpermissive]
  248 |   inline G4int icompare(std::string_view lhs, std::string_view rhs);
      |                                                                   ^
/data4/Bryan/geant4-11.1.2/install/include/Geant4/G4String.hh:255:53: error: ‘std::string_view’ has not been declared
  255 |   inline bool starts_with(const G4String& str, std::string_view ss);
      |                                                     ^~~~~~~~~~~
/data4/Bryan/geant4-11.1.2/install/include/Geant4/G4String.hh:276:51: error: ‘std::string_view’ has not been declared
  276 |   inline bool ends_with(const G4String& str, std::string_view ss);
      |                                                   ^~~~~~~~~~~
In file included from /data4/Bryan/geant4-11.1.2/install/include/Geant4/G4String.hh:316,
                 from /data4/Bryan/geant4-11.1.2/install/include/Geant4/globals.hh:50,
                 from /data4/Bryan/geant4-11.1.2/install/include/Geant4/G4UImessenger.hh:42,
                 from include/DeutDetectorConstructionMessenger.hh:4,
                 from src/DeutDetectorConstructionMessenger.cc:1:
/data4/Bryan/geant4-11.1.2/install/include/Geant4/G4String.icc:73:1: warning: inline variables are only available with ‘-std=c++17’ or ‘-std=gnu++17’
   73 | inline G4int G4String::compareTo(std::string_view str, caseCompare mode) const
      | ^~~~~~
/data4/Bryan/geant4-11.1.2/install/include/Geant4/G4String.icc:73:14: error: ‘G4int G4String::compareTo’ is not a static data member of ‘class G4String’
   73 | inline G4int G4String::compareTo(std::string_view str, caseCompare mode) const
      |              ^~~~~~~~
/data4/Bryan/geant4-11.1.2/install/include/Geant4/G4String.icc:73:39: error: ‘string_view’ is not a member of ‘std’
   73 | inline G4int G4String::compareTo(std::string_view str, caseCompare mode) const
      |                                       ^~~~~~~~~~~
/data4/Bryan/geant4-11.1.2/install/include/Geant4/G4String.icc:73:39: note: ‘std::string_view’ is only available from C++17 onwards
/data4/Bryan/geant4-11.1.2/install/include/Geant4/G4String.icc:73:68: error: expected primary-expression before ‘mode’
   73 | inline G4int G4String::compareTo(std::string_view str, caseCompare mode) const
      |                                                                    ^~~~
/data4/Bryan/geant4-11.1.2/install/include/Geant4/G4String.icc:73:72: error: expression list treated as compound expression in initializer [-fpermissive]
   73 | inline G4int G4String::compareTo(std::string_view str, caseCompare mode) const
      |                                                                        ^
/data4/Bryan/geant4-11.1.2/install/include/Geant4/G4String.icc:210:52: error: ‘std::string_view’ has not been declared
  210 |   inline G4bool contains(const G4String& str, std::string_view ss)
      |                                                    ^~~~~~~~~~~
/data4/Bryan/geant4-11.1.2/install/include/Geant4/G4String.icc:230:3: warning: inline variables are only available with ‘-std=c++17’ or ‘-std=gnu++17’
  230 |   inline G4int icompare(std::string_view lhs, std::string_view rhs)
      |   ^~~~~~
/data4/Bryan/geant4-11.1.2/install/include/Geant4/G4String.icc:230:16: error: redefinition of ‘G4int G4StrUtil::icompare’
  230 |   inline G4int icompare(std::string_view lhs, std::string_view rhs)
      |                ^~~~~~~~
In file included from /data4/Bryan/geant4-11.1.2/install/include/Geant4/globals.hh:50,
                 from /data4/Bryan/geant4-11.1.2/install/include/Geant4/G4UImessenger.hh:42,
                 from include/DeutDetectorConstructionMessenger.hh:4,
                 from src/DeutDetectorConstructionMessenger.cc:1:
/data4/Bryan/geant4-11.1.2/install/include/Geant4/G4String.hh:248:16: note: ‘G4int G4StrUtil::icompare’ previously defined here
  248 |   inline G4int icompare(std::string_view lhs, std::string_view rhs);
      |                ^~~~~~~~
In file included from /data4/Bryan/geant4-11.1.2/install/include/Geant4/G4String.hh:316,
                 from /data4/Bryan/geant4-11.1.2/install/include/Geant4/globals.hh:50,
                 from /data4/Bryan/geant4-11.1.2/install/include/Geant4/G4UImessenger.hh:42,
                 from include/DeutDetectorConstructionMessenger.hh:4,
                 from src/DeutDetectorConstructionMessenger.cc:1:
/data4/Bryan/geant4-11.1.2/install/include/Geant4/G4String.icc:230:30: error: ‘string_view’ is not a member of ‘std’
  230 |   inline G4int icompare(std::string_view lhs, std::string_view rhs)
      |                              ^~~~~~~~~~~
/data4/Bryan/geant4-11.1.2/install/include/Geant4/G4String.icc:230:30: note: ‘std::string_view’ is only available from C++17 onwards
/data4/Bryan/geant4-11.1.2/install/include/Geant4/G4String.icc:230:52: error: ‘string_view’ is not a member of ‘std’
  230 |   inline G4int icompare(std::string_view lhs, std::string_view rhs)
      |                                                    ^~~~~~~~~~~
/data4/Bryan/geant4-11.1.2/install/include/Geant4/G4String.icc:230:52: note: ‘std::string_view’ is only available from C++17 onwards
/data4/Bryan/geant4-11.1.2/install/include/Geant4/G4String.icc:237:53: error: ‘std::string_view’ has not been declared
  237 |   inline bool starts_with(const G4String& str, std::string_view ss)
      |                                                     ^~~~~~~~~~~
/data4/Bryan/geant4-11.1.2/install/include/Geant4/G4String.icc:257:51: error: ‘std::string_view’ has not been declared
  257 |   inline bool ends_with(const G4String& str, std::string_view ss)
      |                                                   ^~~~~~~~~~~
/data4/Bryan/geant4-11.1.2/install/include/Geant4/G4String.icc: In function ‘bool G4StrUtil::ends_with(const G4String&, int)’:
/data4/Bryan/geant4-11.1.2/install/include/Geant4/G4String.icc:259:26: error: request for member ‘length’ in ‘ss’, which is of non-class type ‘int’
  259 |     if(str.length() < ss.length())
      |                          ^~~~~~
/data4/Bryan/geant4-11.1.2/install/include/Geant4/G4String.icc:263:42: error: request for member ‘length’ in ‘ss’, which is of non-class type ‘int’
  263 |     return str.compare(str.length() - ss.length(), ss.length(), ss) == 0;
      |                                          ^~~~~~
/data4/Bryan/geant4-11.1.2/install/include/Geant4/G4String.icc:263:55: error: request for member ‘length’ in ‘ss’, which is of non-class type ‘int’
  263 |     return str.compare(str.length() - ss.length(), ss.length(), ss) == 0;
      |                                                       ^~~~~~
/data4/Bryan/geant4-11.1.2/install/include/Geant4/G4String.icc: In function ‘bool G4StrUtil::ends_with(const G4String&, const char*)’:
/data4/Bryan/geant4-11.1.2/install/include/Geant4/G4String.icc:273:10: error: ‘string_view’ is not a member of ‘std’
  273 |     std::string_view sv(ss);
      |          ^~~~~~~~~~~
/data4/Bryan/geant4-11.1.2/install/include/Geant4/G4String.icc:273:10: note: ‘std::string_view’ is only available from C++17 onwards
/data4/Bryan/geant4-11.1.2/install/include/Geant4/G4String.icc:274:27: error: ‘sv’ was not declared in this scope; did you mean ‘ss’?
  274 |     return ends_with(str, sv);
      |                           ^~
      |                           ss
/data4/Bryan/geant4-11.1.2/install/include/Geant4/G4String.icc:271:58: warning: unused parameter ‘ss’ [-Wunused-parameter]
  271 |   inline bool ends_with(const G4String& str, const char* ss)
      |                                              ~~~~~~~~~~~~^~
In file included from /data3/ROOT/root_latest/root_install/include/ROOT/RConfig.hxx:23,
                 from /data3/ROOT/root_latest/root_install/include/RtypesCore.h:23,
                 from /data3/ROOT/root_latest/root_install/include/Rtypes.h:23,
                 from /data3/ROOT/root_latest/root_install/include/TString.h:26,
                 from /data4/tbt23/smsimulator5.5/smg4lib/include/MagField.hh:5,
                 from /data4/tbt23/smsimulator5.5/smg4lib/include/DipoleConstruction.hh:6,
                 from src/DeutDetectorConstruction.cc:18:
/data3/ROOT/root_latest/root_install/include/RConfigure.h:30:4: warning: #warning is a GCC extension
   30 | #  warning "The C++ standard in this build does not match ROOT configuration (201402L); this might cause unexpected issues"
      |    ^~~~~~~
/data3/ROOT/root_latest/root_install/include/RConfigure.h:30:4: warning: #warning "The C++ standard in this build does not match ROOT configuration (201402L); this might cause unexpected issues" [-Wcpp]
In file included from /data3/ROOT/root_latest/root_install/include/RtypesCore.h:23,
                 from /data3/ROOT/root_latest/root_install/include/Rtypes.h:23,
                 from /data3/ROOT/root_latest/root_install/include/TString.h:26,
                 from /data4/tbt23/smsimulator5.5/smg4lib/include/MagField.hh:5,
                 from /data4/tbt23/smsimulator5.5/smg4lib/include/DipoleConstruction.hh:6,
                 from src/DeutDetectorConstruction.cc:18:
/data3/ROOT/root_latest/root_install/include/ROOT/RConfig.hxx:48:4: error: #error "ROOT requires support for C++14 or higher."
   48 | #  error "ROOT requires support for C++14 or higher."
      |    ^~~~~
/data3/ROOT/root_latest/root_install/include/ROOT/RConfig.hxx:50:5: error: #error "Pass `-std=c++14` as compiler argument."
   50 | #   error "Pass `-std=c++14` as compiler argument."
      |     ^~~~~
In file included from /data4/Bryan/geant4-11.1.2/install/include/Geant4/globals.hh:50,
                 from /data4/Bryan/geant4-11.1.2/install/include/Geant4/G4VUserDetectorConstruction.hh:43,
                 from include/DeutDetectorConstruction.hh:14,
                 from src/DeutDetectorConstruction.cc:1:
/data4/Bryan/geant4-11.1.2/install/include/Geant4/G4String.hh:117:31: error: ‘std::string_view’ has not been declared
  117 |   inline G4int compareTo(std::string_view, caseCompare mode = exact) const;
      |                               ^~~~~~~~~~~
/data4/Bryan/geant4-11.1.2/install/include/Geant4/G4String.hh:222:52: error: ‘std::string_view’ has not been declared
  222 |   inline G4bool contains(const G4String& str, std::string_view ss);
      |                                                    ^~~~~~~~~~~
/data4/Bryan/geant4-11.1.2/install/include/Geant4/G4String.hh:248:3: warning: inline variables are only available with ‘-std=c++17’ or ‘-std=gnu++17’
  248 |   inline G4int icompare(std::string_view lhs, std::string_view rhs);
      |   ^~~~~~
/data4/Bryan/geant4-11.1.2/install/include/Geant4/G4String.hh:248:30: error: ‘string_view’ is not a member of ‘std’
  248 |   inline G4int icompare(std::string_view lhs, std::string_view rhs);
      |                              ^~~~~~~~~~~
/data4/Bryan/geant4-11.1.2/install/include/Geant4/G4String.hh:248:30: note: ‘std::string_view’ is only available from C++17 onwards
/data4/Bryan/geant4-11.1.2/install/include/Geant4/G4String.hh:248:52: error: ‘string_view’ is not a member of ‘std’
  248 |   inline G4int icompare(std::string_view lhs, std::string_view rhs);
      |                                                    ^~~~~~~~~~~
/data4/Bryan/geant4-11.1.2/install/include/Geant4/G4String.hh:248:52: note: ‘std::string_view’ is only available from C++17 onwards
/data4/Bryan/geant4-11.1.2/install/include/Geant4/G4String.hh:248:67: error: expression list treated as compound expression in initializer [-fpermissive]
  248 |   inline G4int icompare(std::string_view lhs, std::string_view rhs);
      |                                                                   ^
/data4/Bryan/geant4-11.1.2/install/include/Geant4/G4String.hh:255:53: error: ‘std::string_view’ has not been declared
  255 |   inline bool starts_with(const G4String& str, std::string_view ss);
      |                                                     ^~~~~~~~~~~
/data4/Bryan/geant4-11.1.2/install/include/Geant4/G4String.hh:276:51: error: ‘std::string_view’ has not been declared
  276 |   inline bool ends_with(const G4String& str, std::string_view ss);
      |                                                   ^~~~~~~~~~~
In file included from /data4/Bryan/geant4-11.1.2/install/include/Geant4/G4String.hh:316,
                 from /data4/Bryan/geant4-11.1.2/install/include/Geant4/globals.hh:50,
                 from /data4/Bryan/geant4-11.1.2/install/include/Geant4/G4VUserDetectorConstruction.hh:43,
                 from include/DeutDetectorConstruction.hh:14,
                 from src/DeutDetectorConstruction.cc:1:
/data4/Bryan/geant4-11.1.2/install/include/Geant4/G4String.icc:73:1: warning: inline variables are only available with ‘-std=c++17’ or ‘-std=gnu++17’
   73 | inline G4int G4String::compareTo(std::string_view str, caseCompare mode) const
      | ^~~~~~
/data4/Bryan/geant4-11.1.2/install/include/Geant4/G4String.icc:73:14: error: ‘G4int G4String::compareTo’ is not a static data member of ‘class G4String’
   73 | inline G4int G4String::compareTo(std::string_view str, caseCompare mode) const
      |              ^~~~~~~~
/data4/Bryan/geant4-11.1.2/install/include/Geant4/G4String.icc:73:39: error: ‘string_view’ is not a member of ‘std’
   73 | inline G4int G4String::compareTo(std::string_view str, caseCompare mode) const
      |                                       ^~~~~~~~~~~
/data4/Bryan/geant4-11.1.2/install/include/Geant4/G4String.icc:73:39: note: ‘std::string_view’ is only available from C++17 onwards
/data4/Bryan/geant4-11.1.2/install/include/Geant4/G4String.icc:73:68: error: expected primary-expression before ‘mode’
   73 | inline G4int G4String::compareTo(std::string_view str, caseCompare mode) const
      |                                                                    ^~~~
/data4/Bryan/geant4-11.1.2/install/include/Geant4/G4String.icc:73:72: error: expression list treated as compound expression in initializer [-fpermissive]
   73 | inline G4int G4String::compareTo(std::string_view str, caseCompare mode) const
      |                                                                        ^
/data4/Bryan/geant4-11.1.2/install/include/Geant4/G4String.icc:210:52: error: ‘std::string_view’ has not been declared
  210 |   inline G4bool contains(const G4String& str, std::string_view ss)
      |                                                    ^~~~~~~~~~~
/data4/Bryan/geant4-11.1.2/install/include/Geant4/G4String.icc:230:3: warning: inline variables are only available with ‘-std=c++17’ or ‘-std=gnu++17’
  230 |   inline G4int icompare(std::string_view lhs, std::string_view rhs)
      |   ^~~~~~
/data4/Bryan/geant4-11.1.2/install/include/Geant4/G4String.icc:230:16: error: redefinition of ‘G4int G4StrUtil::icompare’
  230 |   inline G4int icompare(std::string_view lhs, std::string_view rhs)
      |                ^~~~~~~~
In file included from /data4/Bryan/geant4-11.1.2/install/include/Geant4/globals.hh:50,
                 from /data4/Bryan/geant4-11.1.2/install/include/Geant4/G4VUserDetectorConstruction.hh:43,
                 from include/DeutDetectorConstruction.hh:14,
                 from src/DeutDetectorConstruction.cc:1:
/data4/Bryan/geant4-11.1.2/install/include/Geant4/G4String.hh:248:16: note: ‘G4int G4StrUtil::icompare’ previously defined here
  248 |   inline G4int icompare(std::string_view lhs, std::string_view rhs);
      |                ^~~~~~~~
In file included from /data4/Bryan/geant4-11.1.2/install/include/Geant4/G4String.hh:316,
                 from /data4/Bryan/geant4-11.1.2/install/include/Geant4/globals.hh:50,
                 from /data4/Bryan/geant4-11.1.2/install/include/Geant4/G4VUserDetectorConstruction.hh:43,
                 from include/DeutDetectorConstruction.hh:14,
                 from src/DeutDetectorConstruction.cc:1:
/data4/Bryan/geant4-11.1.2/install/include/Geant4/G4String.icc:230:30: error: ‘string_view’ is not a member of ‘std’
  230 |   inline G4int icompare(std::string_view lhs, std::string_view rhs)
      |                              ^~~~~~~~~~~
/data4/Bryan/geant4-11.1.2/install/include/Geant4/G4String.icc:230:30: note: ‘std::string_view’ is only available from C++17 onwards
/data4/Bryan/geant4-11.1.2/install/include/Geant4/G4String.icc:230:52: error: ‘string_view’ is not a member of ‘std’
  230 |   inline G4int icompare(std::string_view lhs, std::string_view rhs)
      |                                                    ^~~~~~~~~~~
/data4/Bryan/geant4-11.1.2/install/include/Geant4/G4String.icc:230:52: note: ‘std::string_view’ is only available from C++17 onwards
/data4/Bryan/geant4-11.1.2/install/include/Geant4/G4String.icc:237:53: error: ‘std::string_view’ has not been declared
  237 |   inline bool starts_with(const G4String& str, std::string_view ss)
      |                                                     ^~~~~~~~~~~
/data4/Bryan/geant4-11.1.2/install/include/Geant4/G4String.icc:257:51: error: ‘std::string_view’ has not been declared
  257 |   inline bool ends_with(const G4String& str, std::string_view ss)
      |                                                   ^~~~~~~~~~~
/data4/Bryan/geant4-11.1.2/install/include/Geant4/G4String.icc: In function ‘bool G4StrUtil::ends_with(const G4String&, int)’:
/data4/Bryan/geant4-11.1.2/install/include/Geant4/G4String.icc:259:26: error: request for member ‘length’ in ‘ss’, which is of non-class type ‘int’
  259 |     if(str.length() < ss.length())
      |                          ^~~~~~
/data4/Bryan/geant4-11.1.2/install/include/Geant4/G4String.icc:263:42: error: request for member ‘length’ in ‘ss’, which is of non-class type ‘int’
  263 |     return str.compare(str.length() - ss.length(), ss.length(), ss) == 0;
      |                                          ^~~~~~
/data4/Bryan/geant4-11.1.2/install/include/Geant4/G4String.icc:263:55: error: request for member ‘length’ in ‘ss’, which is of non-class type ‘int’
  263 |     return str.compare(str.length() - ss.length(), ss.length(), ss) == 0;
      |                                                       ^~~~~~
/data4/Bryan/geant4-11.1.2/install/include/Geant4/G4String.icc: In function ‘bool G4StrUtil::ends_with(const G4String&, const char*)’:
/data4/Bryan/geant4-11.1.2/install/include/Geant4/G4String.icc:273:10: error: ‘string_view’ is not a member of ‘std’
  273 |     std::string_view sv(ss);
      |          ^~~~~~~~~~~
/data4/Bryan/geant4-11.1.2/install/include/Geant4/G4String.icc:273:10: note: ‘std::string_view’ is only available from C++17 onwards
/data4/Bryan/geant4-11.1.2/install/include/Geant4/G4String.icc:274:27: error: ‘sv’ was not declared in this scope; did you mean ‘ss’?
  274 |     return ends_with(str, sv);
      |                           ^~
      |                           ss
/data4/Bryan/geant4-11.1.2/install/include/Geant4/G4String.icc:271:58: warning: unused parameter ‘ss’ [-Wunused-parameter]
  271 |   inline bool ends_with(const G4String& str, const char* ss)
      |                                              ~~~~~~~~~~~~^~
In file included from /data3/ROOT/root_latest/root_install/include/TString.h:29,
                 from /data4/tbt23/smsimulator5.5/smg4lib/include/MagField.hh:5,
                 from /data4/tbt23/smsimulator5.5/smg4lib/include/DipoleConstruction.hh:6,
                 from src/DeutDetectorConstruction.cc:18:
/data3/ROOT/root_latest/root_install/include/ROOT/RStringView.hxx: At global scope:
/data3/ROOT/root_latest/root_install/include/ROOT/RStringView.hxx:38:37: error: ‘experimental’ in namespace ‘std’ does not name a type
   38 |    using basic_string_view = ::std::experimental::basic_string_view<_CharT,_Traits>;
      |                                     ^~~~~~~~~~~~
/data3/ROOT/root_latest/root_install/include/ROOT/RStringView.hxx:41:12: error: ‘basic_string_view’ does not name a type
   41 |    typedef basic_string_view<char> string_view;
      |            ^~~~~~~~~~~~~~~~~
/data3/ROOT/root_latest/root_install/include/ROOT/RStringView.hxx:42:12: error: ‘basic_string_view’ does not name a type
   42 |    typedef basic_string_view<char16_t> u16string_view;
      |            ^~~~~~~~~~~~~~~~~
/data3/ROOT/root_latest/root_install/include/ROOT/RStringView.hxx:43:12: error: ‘basic_string_view’ does not name a type
   43 |    typedef basic_string_view<char32_t> u32string_view;
      |            ^~~~~~~~~~~~~~~~~
/data3/ROOT/root_latest/root_install/include/ROOT/RStringView.hxx:44:12: error: ‘basic_string_view’ does not name a type
   44 |    typedef basic_string_view<wchar_t> wstring_view;
      |            ^~~~~~~~~~~~~~~~~
/data3/ROOT/root_latest/root_install/include/ROOT/RStringView.hxx:54:4: warning: inline variables are only available with ‘-std=c++17’ or ‘-std=gnu++17’
   54 |    inline double stod(std::string_view str, size_t *pos)
      |    ^~~~~~
/data3/ROOT/root_latest/root_install/include/ROOT/RStringView.hxx:54:28: error: ‘string_view’ is not a member of ‘std’
   54 |    inline double stod(std::string_view str, size_t *pos)
      |                            ^~~~~~~~~~~
/data3/ROOT/root_latest/root_install/include/ROOT/RStringView.hxx:54:28: note: ‘std::string_view’ is only available from C++17 onwards
/data3/ROOT/root_latest/root_install/include/ROOT/RStringView.hxx:54:52: error: expected primary-expression before ‘*’ token
   54 |    inline double stod(std::string_view str, size_t *pos)
      |                                                    ^
/data3/ROOT/root_latest/root_install/include/ROOT/RStringView.hxx:54:53: error: ‘pos’ was not declared in this scope; did you mean ‘pow’?
   54 |    inline double stod(std::string_view str, size_t *pos)
      |                                                     ^~~
      |                                                     pow
/data3/ROOT/root_latest/root_install/include/ROOT/RStringView.hxx:54:56: error: expression list treated as compound expression in initializer [-fpermissive]
   54 |    inline double stod(std::string_view str, size_t *pos)
      |                                                        ^
/data3/ROOT/root_latest/root_install/include/ROOT/RStringView.hxx:71:56: error: ‘std::string_view’ has not been declared
   71 | inline std::string &operator+=(std::string &left, std::string_view right)
      |                                                        ^~~~~~~~~~~
/data3/ROOT/root_latest/root_install/include/ROOT/RStringView.hxx: In function ‘std::string& std::__ROOT::operator+=(std::string&, int)’:
/data3/ROOT/root_latest/root_install/include/ROOT/RStringView.hxx:73:29: error: request for member ‘data’ in ‘right’, which is of non-class type ‘int’
   73 |    return left.append(right.data(), right.size());
      |                             ^~~~
/data3/ROOT/root_latest/root_install/include/ROOT/RStringView.hxx:73:43: error: request for member ‘size’ in ‘right’, which is of non-class type ‘int’
   73 |    return left.append(right.data(), right.size());
      |                                           ^~~~
/data3/ROOT/root_latest/root_install/include/ROOT/RStringView.hxx: At global scope:
/data3/ROOT/root_latest/root_install/include/ROOT/RStringView.hxx:90:17: error: expected type-specifier
   90 |        operator std::string_view() const { return std::string_view(fData,fLength); }
      |                 ^~~
In file included from /data3/ROOT/root_latest/root_install/include/TString.h:30,
                 from /data4/tbt23/smsimulator5.5/smg4lib/include/MagField.hh:5,
                 from /data4/tbt23/smsimulator5.5/smg4lib/include/DipoleConstruction.hh:6,
                 from src/DeutDetectorConstruction.cc:18:
/data3/ROOT/root_latest/root_install/include/ROOT/TypeTraits.hxx:49:54: error: ‘decay_t’ is not a member of ‘std’; did you mean ‘decay’?
   49 |    using arg_types = ROOT::TypeTraits::TypeList<std::decay_t<Args>...>;
      |                                                      ^~~~~~~
      |                                                      decay
/data3/ROOT/root_latest/root_install/include/ROOT/TypeTraits.hxx:49:54: error: ‘decay_t’ is not a member of ‘std’; did you mean ‘decay’?
   49 |    using arg_types = ROOT::TypeTraits::TypeList<std::decay_t<Args>...>;
      |                                                      ^~~~~~~
      |                                                      decay
/data3/ROOT/root_latest/root_install/include/ROOT/TypeTraits.hxx:49:66: error: template argument 1 is invalid
   49 |    using arg_types = ROOT::TypeTraits::TypeList<std::decay_t<Args>...>;
      |                                                                  ^
/data3/ROOT/root_latest/root_install/include/ROOT/TypeTraits.hxx:57:54: error: ‘decay_t’ is not a member of ‘std’; did you mean ‘decay’?
   57 |    using arg_types = ROOT::TypeTraits::TypeList<std::decay_t<Args>...>;
      |                                                      ^~~~~~~
      |                                                      decay
/data3/ROOT/root_latest/root_install/include/ROOT/TypeTraits.hxx:57:54: error: ‘decay_t’ is not a member of ‘std’; did you mean ‘decay’?
   57 |    using arg_types = ROOT::TypeTraits::TypeList<std::decay_t<Args>...>;
      |                                                      ^~~~~~~
      |                                                      decay
/data3/ROOT/root_latest/root_install/include/ROOT/TypeTraits.hxx:57:66: error: template argument 1 is invalid
   57 |    using arg_types = ROOT::TypeTraits::TypeList<std::decay_t<Args>...>;
      |                                                                  ^
/data3/ROOT/root_latest/root_install/include/ROOT/TypeTraits.hxx:65:54: error: ‘decay_t’ is not a member of ‘std’; did you mean ‘decay’?
   65 |    using arg_types = ROOT::TypeTraits::TypeList<std::decay_t<Args>...>;
      |                                                      ^~~~~~~
      |                                                      decay
/data3/ROOT/root_latest/root_install/include/ROOT/TypeTraits.hxx:65:54: error: ‘decay_t’ is not a member of ‘std’; did you mean ‘decay’?
   65 |    using arg_types = ROOT::TypeTraits::TypeList<std::decay_t<Args>...>;
      |                                                      ^~~~~~~
      |                                                      decay
/data3/ROOT/root_latest/root_install/include/ROOT/TypeTraits.hxx:65:66: error: template argument 1 is invalid
   65 |    using arg_types = ROOT::TypeTraits::TypeList<std::decay_t<Args>...>;
      |                                                                  ^
/data3/ROOT/root_latest/root_install/include/ROOT/TypeTraits.hxx:73:54: error: ‘decay_t’ is not a member of ‘std’; did you mean ‘decay’?
   73 |    using arg_types = ROOT::TypeTraits::TypeList<std::decay_t<Args>...>;
      |                                                      ^~~~~~~
      |                                                      decay
/data3/ROOT/root_latest/root_install/include/ROOT/TypeTraits.hxx:73:54: error: ‘decay_t’ is not a member of ‘std’; did you mean ‘decay’?
   73 |    using arg_types = ROOT::TypeTraits::TypeList<std::decay_t<Args>...>;
      |                                                      ^~~~~~~
      |                                                      decay
/data3/ROOT/root_latest/root_install/include/ROOT/TypeTraits.hxx:73:66: error: template argument 1 is invalid
   73 |    using arg_types = ROOT::TypeTraits::TypeList<std::decay_t<Args>...>;
      |                                                                  ^
/data3/ROOT/root_latest/root_install/include/ROOT/TypeTraits.hxx:201:29: error: ‘result_of_t’ in namespace ‘std’ does not name a template type; did you mean ‘result_of’?
  201 | using InvokeResult_t = std::result_of_t<F(Args...)>;
      |                             ^~~~~~~~~~~
      |                             result_of
In file included from /data4/tbt23/smsimulator5.5/smg4lib/include/MagField.hh:5,
                 from /data4/tbt23/smsimulator5.5/smg4lib/include/DipoleConstruction.hh:6,
                 from src/DeutDetectorConstruction.cc:18:
/data3/ROOT/root_latest/root_install/include/TString.h:118:13: error: expected type-specifier
  118 |    operator std::string_view() const { return std::string_view(Data(),fExtent); }
      |             ^~~
/data3/ROOT/root_latest/root_install/include/TString.h:291:32: error: ‘string_view’ in namespace ‘std’ does not name a type
  291 |    explicit TString(const std::string_view &sub);
      |                                ^~~~~~~~~~~
/data3/ROOT/root_latest/root_install/include/TString.h:291:27: note: ‘std::string_view’ is only available from C++17 onwards
  291 |    explicit TString(const std::string_view &sub);
      |                           ^~~
/data3/ROOT/root_latest/root_install/include/TString.h:328:37: error: ‘string_view’ in namespace ‘std’ does not name a type
  328 |    TString    &operator=(const std::string_view &s);
      |                                     ^~~~~~~~~~~
/data3/ROOT/root_latest/root_install/include/TString.h:328:32: note: ‘std::string_view’ is only available from C++17 onwards
  328 |    TString    &operator=(const std::string_view &s);
      |                                ^~~
/data3/ROOT/root_latest/root_install/include/TString.h:456:9: error: ‘string_view’ in namespace ‘std’ does not name a type
  456 |    std::string_view View() const { return std::string_view(GetPointer(),Length()); }
      |         ^~~~~~~~~~~
/data3/ROOT/root_latest/root_install/include/TString.h:456:4: note: ‘std::string_view’ is only available from C++17 onwards
  456 |    std::string_view View() const { return std::string_view(GetPointer(),Length()); }
      |    ^~~
In file included from /data4/tbt23/smsimulator5.5/smg4lib/include/MagField.hh:5,
                 from /data4/tbt23/smsimulator5.5/smg4lib/include/DipoleConstruction.hh:6,
                 from src/DeutDetectorConstruction.cc:18:
/data3/ROOT/root_latest/root_install/include/TString.h:851:53: error: ‘string_view’ in namespace ‘std’ does not name a type
  851 | inline Bool_t operator==(const char *s1, const std::string_view &s2)
      |                                                     ^~~~~~~~~~~
/data3/ROOT/root_latest/root_install/include/TString.h:851:48: note: ‘std::string_view’ is only available from C++17 onwards
  851 | inline Bool_t operator==(const char *s1, const std::string_view &s2)
      |                                                ^~~
/data3/ROOT/root_latest/root_install/include/TString.h:851:15: error: ‘Bool_t operator==(const char*, const int&)’ must have an argument of class or enumerated type
  851 | inline Bool_t operator==(const char *s1, const std::string_view &s2)
      |               ^~~~~~~~
/data3/ROOT/root_latest/root_install/include/TString.h:856:37: error: ‘string_view’ in namespace ‘std’ does not name a type
  856 | inline Bool_t operator==(const std::string_view &s1, const char *s2)
      |                                     ^~~~~~~~~~~
/data3/ROOT/root_latest/root_install/include/TString.h:856:32: note: ‘std::string_view’ is only available from C++17 onwards
  856 | inline Bool_t operator==(const std::string_view &s1, const char *s2)
      |                                ^~~
/data3/ROOT/root_latest/root_install/include/TString.h:856:15: error: ‘Bool_t operator==(const int&, const char*)’ must have an argument of class or enumerated type
  856 | inline Bool_t operator==(const std::string_view &s1, const char *s2)
      |               ^~~~~~~~
/data3/ROOT/root_latest/root_install/include/TString.h:869:37: error: ‘string_view’ in namespace ‘std’ does not name a type
  869 |   std::string printValue(const std::string_view* val);
      |                                     ^~~~~~~~~~~
/data3/ROOT/root_latest/root_install/include/TString.h:869:32: note: ‘std::string_view’ is only available from C++17 onwards
  869 |   std::string printValue(const std::string_view* val);
      |                                ^~~
In file included from /data3/ROOT/root_latest/root_install/include/TVector3.h:15,
                 from /data4/tbt23/smsimulator5.5/smg4lib/include/TFragSimParameter.hh:6,
                 from src/DeutDetectorConstruction.cc:29:
/data3/ROOT/root_latest/root_install/include/TVector2.h: In member function ‘TVector2& TVector2::operator*=(Double_t)’:
/data3/ROOT/root_latest/root_install/include/TVector2.h:122:51: warning: declaration of ‘s’ shadows a global declaration [-Wshadow]
  122 | inline TVector2& TVector2::operator *= (Double_t s) { fX *=s; fY *=s; return *this; }
      |                                                   ^
In file included from /data4/Bryan/geant4-11.1.2/install/include/Geant4/CLHEP/Units/PhysicalConstants.h:43,
                 from /data4/Bryan/geant4-11.1.2/install/include/Geant4/G4Material.hh:99,
                 from src/DeutDetectorConstruction.cc:4:
/data4/Bryan/geant4-11.1.2/install/include/Geant4/CLHEP/Units/SystemOfUnits.h:155:28: note: shadowed declaration is here
  155 |   static constexpr double  s = second;
      |                            ^
In file included from /data3/ROOT/root_latest/root_install/include/TVector3.h:15,
                 from /data4/tbt23/smsimulator5.5/smg4lib/include/TFragSimParameter.hh:6,
                 from src/DeutDetectorConstruction.cc:29:
/data3/ROOT/root_latest/root_install/include/TVector2.h: In member function ‘TVector2& TVector2::operator/=(Double_t)’:
/data3/ROOT/root_latest/root_install/include/TVector2.h:123:51: warning: declaration of ‘s’ shadows a global declaration [-Wshadow]
  123 | inline TVector2& TVector2::operator /= (Double_t s) { fX /=s; fY /=s; return *this; }
      |                                                   ^
In file included from /data4/Bryan/geant4-11.1.2/install/include/Geant4/CLHEP/Units/PhysicalConstants.h:43,
                 from /data4/Bryan/geant4-11.1.2/install/include/Geant4/G4Material.hh:99,
                 from src/DeutDetectorConstruction.cc:4:
/data4/Bryan/geant4-11.1.2/install/include/Geant4/CLHEP/Units/SystemOfUnits.h:155:28: note: shadowed declaration is here
  155 |   static constexpr double  s = second;
      |                            ^
In file included from /data3/ROOT/root_latest/root_install/include/TVector3.h:15,
                 from /data4/tbt23/smsimulator5.5/smg4lib/include/TFragSimParameter.hh:6,
                 from src/DeutDetectorConstruction.cc:29:
/data3/ROOT/root_latest/root_install/include/TVector2.h: In function ‘TVector2 operator*(const TVector2&, Double_t)’:
/data3/ROOT/root_latest/root_install/include/TVector2.h:147:59: warning: declaration of ‘s’ shadows a global declaration [-Wshadow]
  147 | inline TVector2  operator * (const TVector2& v, Double_t s) {
      |                                                           ^
In file included from /data4/Bryan/geant4-11.1.2/install/include/Geant4/CLHEP/Units/PhysicalConstants.h:43,
                 from /data4/Bryan/geant4-11.1.2/install/include/Geant4/G4Material.hh:99,
                 from src/DeutDetectorConstruction.cc:4:
/data4/Bryan/geant4-11.1.2/install/include/Geant4/CLHEP/Units/SystemOfUnits.h:155:28: note: shadowed declaration is here
  155 |   static constexpr double  s = second;
      |                            ^
In file included from /data3/ROOT/root_latest/root_install/include/TVector3.h:15,
                 from /data4/tbt23/smsimulator5.5/smg4lib/include/TFragSimParameter.hh:6,
                 from src/DeutDetectorConstruction.cc:29:
/data3/ROOT/root_latest/root_install/include/TVector2.h: In function ‘TVector2 operator*(Double_t, const TVector2&)’:
/data3/ROOT/root_latest/root_install/include/TVector2.h:151:61: warning: declaration of ‘s’ shadows a global declaration [-Wshadow]
  151 | inline TVector2    operator * (Double_t s, const TVector2& v) {
      |                                                             ^
In file included from /data4/Bryan/geant4-11.1.2/install/include/Geant4/CLHEP/Units/PhysicalConstants.h:43,
                 from /data4/Bryan/geant4-11.1.2/install/include/Geant4/G4Material.hh:99,
                 from src/DeutDetectorConstruction.cc:4:
/data4/Bryan/geant4-11.1.2/install/include/Geant4/CLHEP/Units/SystemOfUnits.h:155:28: note: shadowed declaration is here
  155 |   static constexpr double  s = second;
      |                            ^
In file included from /data3/ROOT/root_latest/root_install/include/TVector3.h:15,
                 from /data4/tbt23/smsimulator5.5/smg4lib/include/TFragSimParameter.hh:6,
                 from src/DeutDetectorConstruction.cc:29:
/data3/ROOT/root_latest/root_install/include/TVector2.h: In function ‘TVector2 operator/(const TVector2&, Double_t)’:
/data3/ROOT/root_latest/root_install/include/TVector2.h:159:62: warning: declaration of ‘s’ shadows a global declaration [-Wshadow]
  159 | inline TVector2     operator / (const TVector2& v, Double_t s) {
      |                                                              ^
In file included from /data4/Bryan/geant4-11.1.2/install/include/Geant4/CLHEP/Units/PhysicalConstants.h:43,
                 from /data4/Bryan/geant4-11.1.2/install/include/Geant4/G4Material.hh:99,
                 from src/DeutDetectorConstruction.cc:4:
/data4/Bryan/geant4-11.1.2/install/include/Geant4/CLHEP/Units/SystemOfUnits.h:155:28: note: shadowed declaration is here
  155 |   static constexpr double  s = second;
      |                            ^
In file included from /data3/ROOT/root_latest/root_install/include/TMatrixT.h:24,
                 from /data3/ROOT/root_latest/root_install/include/TMatrixF.h:20,
                 from /data3/ROOT/root_latest/root_install/include/TMatrix.h:23,
                 from /data3/ROOT/root_latest/root_install/include/TVector3.h:16,
                 from /data4/tbt23/smsimulator5.5/smg4lib/include/TFragSimParameter.hh:6,
                 from src/DeutDetectorConstruction.cc:29:
/data3/ROOT/root_latest/root_install/include/TMatrixTUtils.h: In member function ‘TMatrixTSub<Element>& TMatrixTSub<Element>::operator=(const TMatrixTSub<Element>&)’:
/data3/ROOT/root_latest/root_install/include/TMatrixTUtils.h:565:68: warning: declaration of ‘s’ shadows a global declaration [-Wshadow]
  565 |    TMatrixTSub<Element>& operator=(const TMatrixTSub <Element> &s) { operator=((TMatrixTSub_const<Element> &)s); return *this;}
      |                                                                    ^
In file included from /data4/Bryan/geant4-11.1.2/install/include/Geant4/CLHEP/Units/PhysicalConstants.h:43,
                 from /data4/Bryan/geant4-11.1.2/install/include/Geant4/G4Material.hh:99,
                 from src/DeutDetectorConstruction.cc:4:
/data4/Bryan/geant4-11.1.2/install/include/Geant4/CLHEP/Units/SystemOfUnits.h:155:28: note: shadowed declaration is here
  155 |   static constexpr double  s = second;
      |                            ^
In file included from /data3/ROOT/root_latest/root_install/include/TMatrixF.h:20,
                 from /data3/ROOT/root_latest/root_install/include/TMatrix.h:23,
                 from /data3/ROOT/root_latest/root_install/include/TVector3.h:16,
                 from /data4/tbt23/smsimulator5.5/smg4lib/include/TFragSimParameter.hh:6,
                 from src/DeutDetectorConstruction.cc:29:
/data3/ROOT/root_latest/root_install/include/TMatrixT.h: In member function ‘TMatrixTBase<Element>& TMatrixT<Element>::ResizeTo(const TMatrixT<Element>&)’:
/data3/ROOT/root_latest/root_install/include/TMatrixT.h:145:72: warning: declaration of ‘m’ shadows a global declaration [-Wshadow]
  145 |    inline  TMatrixTBase<Element> &ResizeTo(const TMatrixT<Element> &m) {
      |                                                                        ^
In file included from /data4/Bryan/geant4-11.1.2/install/include/Geant4/CLHEP/Units/PhysicalConstants.h:43,
                 from /data4/Bryan/geant4-11.1.2/install/include/Geant4/G4Material.hh:99,
                 from src/DeutDetectorConstruction.cc:4:
/data4/Bryan/geant4-11.1.2/install/include/Geant4/CLHEP/Units/SystemOfUnits.h:110:27: note: shadowed declaration is here
  110 |   static constexpr double m  = meter;
      |                           ^
In file included from /data3/ROOT/root_latest/root_install/include/TMatrixF.h:20,
                 from /data3/ROOT/root_latest/root_install/include/TMatrix.h:23,
                 from /data3/ROOT/root_latest/root_install/include/TVector3.h:16,
                 from /data4/tbt23/smsimulator5.5/smg4lib/include/TFragSimParameter.hh:6,
                 from src/DeutDetectorConstruction.cc:29:
/data3/ROOT/root_latest/root_install/include/TMatrixT.h: In member function ‘TMatrixT<Element>& TMatrixT<Element>::operator=(const TMatrixT<Element2>&)’:
/data3/ROOT/root_latest/root_install/include/TMatrixT.h:183:29: warning: declaration of ‘ps’ shadows a global declaration [-Wshadow]
  183 |      const Element2 * const ps = source.GetMatrixArray();
      |                             ^~
In file included from /data4/Bryan/geant4-11.1.2/install/include/Geant4/CLHEP/Units/PhysicalConstants.h:43,
                 from /data4/Bryan/geant4-11.1.2/install/include/Geant4/G4Material.hh:99,
                 from src/DeutDetectorConstruction.cc:4:
/data4/Bryan/geant4-11.1.2/install/include/Geant4/CLHEP/Units/SystemOfUnits.h:158:27: note: shadowed declaration is here
  158 |   static constexpr double ps = picosecond;
      |                           ^~
In file included from /data4/Bryan/geant4-11.1.2/install/include/Geant4/G4ThreadLocalSingleton.hh:100,
                 from /data4/Bryan/geant4-11.1.2/install/include/Geant4/G4PhysicsListHelper.hh:46,
                 from /data4/Bryan/geant4-11.1.2/install/include/Geant4/G4VPhysicsConstructor.hh:55,
                 from /data4/Bryan/geant4-11.1.2/install/include/Geant4/G4VModularPhysicsList.hh:50,
                 from src/DeutDetectorConstruction.cc:41:
/data4/Bryan/geant4-11.1.2/install/include/Geant4/G4Backtrace.hh: At global scope:
/data4/Bryan/geant4-11.1.2/install/include/Geant4/G4Backtrace.hh:103:27: error: ‘invoke_result_t’ in namespace ‘std’ does not name a template type
  103 | using G4ResultOf_t = std::invoke_result_t<FuncT, ArgTypes...>;
      |                           ^~~~~~~~~~~~~~~
In file included from /data4/Bryan/geant4-11.1.2/install/include/Geant4/G4ThreadLocalSingleton.hh:100,
                 from /data4/Bryan/geant4-11.1.2/install/include/Geant4/G4PhysicsListHelper.hh:46,
                 from /data4/Bryan/geant4-11.1.2/install/include/Geant4/G4VPhysicsConstructor.hh:55,
                 from /data4/Bryan/geant4-11.1.2/install/include/Geant4/G4VModularPhysicsList.hh:50,
                 from src/DeutDetectorConstruction.cc:41:
/data4/Bryan/geant4-11.1.2/install/include/Geant4/G4Backtrace.hh:305:21: error: ‘G4ResultOf_t’ was not declared in this scope
  305 |   static std::array<G4ResultOf_t<FuncT, const char*>, Depth> GetMangled(
      |                     ^~~~~~~~~~~~
/data4/Bryan/geant4-11.1.2/install/include/Geant4/G4Backtrace.hh:305:52: error: template argument 1 is invalid
  305 |   static std::array<G4ResultOf_t<FuncT, const char*>, Depth> GetMangled(
      |                                                    ^
/data4/Bryan/geant4-11.1.2/install/include/Geant4/G4Backtrace.hh:305:52: error: type/value mismatch at argument 2 in template parameter list for ‘template<class _Tp, long unsigned int _Nm> struct std::array’
/data4/Bryan/geant4-11.1.2/install/include/Geant4/G4Backtrace.hh:305:52: note:   expected a constant of type ‘long unsigned int’, got ‘const char*’
/data4/Bryan/geant4-11.1.2/install/include/Geant4/G4Backtrace.hh:305:53: error: expected unqualified-id before ‘,’ token
  305 |   static std::array<G4ResultOf_t<FuncT, const char*>, Depth> GetMangled(
      |                                                     ^
/data4/Bryan/geant4-11.1.2/install/include/Geant4/G4Backtrace.hh:312:21: error: ‘G4ResultOf_t’ was not declared in this scope
  312 |   static std::array<G4ResultOf_t<FuncT, const char*>, Depth> GetDemangled(
      |                     ^~~~~~~~~~~~
/data4/Bryan/geant4-11.1.2/install/include/Geant4/G4Backtrace.hh:312:52: error: template argument 1 is invalid
  312 |   static std::array<G4ResultOf_t<FuncT, const char*>, Depth> GetDemangled(
      |                                                    ^
/data4/Bryan/geant4-11.1.2/install/include/Geant4/G4Backtrace.hh:312:52: error: type/value mismatch at argument 2 in template parameter list for ‘template<class _Tp, long unsigned int _Nm> struct std::array’
/data4/Bryan/geant4-11.1.2/install/include/Geant4/G4Backtrace.hh:312:52: note:   expected a constant of type ‘long unsigned int’, got ‘const char*’
/data4/Bryan/geant4-11.1.2/install/include/Geant4/G4Backtrace.hh:312:53: error: expected unqualified-id before ‘,’ token
  312 |   static std::array<G4ResultOf_t<FuncT, const char*>, Depth> GetDemangled(
      |                                                     ^
/data4/Bryan/geant4-11.1.2/install/include/Geant4/G4Backtrace.hh:361:19: error: ‘G4ResultOf_t’ was not declared in this scope
  361 | inline std::array<G4ResultOf_t<FuncT, const char*>, Depth>
      |                   ^~~~~~~~~~~~
/data4/Bryan/geant4-11.1.2/install/include/Geant4/G4Backtrace.hh:361:50: error: template argument 1 is invalid
  361 | inline std::array<G4ResultOf_t<FuncT, const char*>, Depth>
      |                                                  ^
/data4/Bryan/geant4-11.1.2/install/include/Geant4/G4Backtrace.hh:361:50: error: type/value mismatch at argument 2 in template parameter list for ‘template<class _Tp, long unsigned int _Nm> struct std::array’
/data4/Bryan/geant4-11.1.2/install/include/Geant4/G4Backtrace.hh:361:50: note:   expected a constant of type ‘long unsigned int’, got ‘const char*’
/data4/Bryan/geant4-11.1.2/install/include/Geant4/G4Backtrace.hh:361:51: error: expected unqualified-id before ‘,’ token
  361 | inline std::array<G4ResultOf_t<FuncT, const char*>, Depth>
      |                                                   ^
/data4/Bryan/geant4-11.1.2/install/include/Geant4/G4Backtrace.hh:396:19: error: ‘G4ResultOf_t’ was not declared in this scope
  396 | inline std::array<G4ResultOf_t<FuncT, const char*>, Depth>
      |                   ^~~~~~~~~~~~
/data4/Bryan/geant4-11.1.2/install/include/Geant4/G4Backtrace.hh:396:50: error: template argument 1 is invalid
  396 | inline std::array<G4ResultOf_t<FuncT, const char*>, Depth>
      |                                                  ^
/data4/Bryan/geant4-11.1.2/install/include/Geant4/G4Backtrace.hh:396:50: error: type/value mismatch at argument 2 in template parameter list for ‘template<class _Tp, long unsigned int _Nm> struct std::array’
/data4/Bryan/geant4-11.1.2/install/include/Geant4/G4Backtrace.hh:396:50: note:   expected a constant of type ‘long unsigned int’, got ‘const char*’
/data4/Bryan/geant4-11.1.2/install/include/Geant4/G4Backtrace.hh:396:51: error: expected unqualified-id before ‘,’ token
  396 | inline std::array<G4ResultOf_t<FuncT, const char*>, Depth>
      |                                                   ^
/data4/Bryan/geant4-11.1.2/install/include/Geant4/G4Backtrace.hh: In static member function ‘static void G4Backtrace::Message(G4int, siginfo_t*, std::ostream&)’:
/data4/Bryan/geant4-11.1.2/install/include/Geant4/G4Backtrace.hh:525:13: error: ‘GetMangled’ was not declared in this scope
  525 |   auto bt = GetMangled<256, 3>([](const char* _s) { return _s; });
      |             ^~~~~~~~~~
/data4/Bryan/geant4-11.1.2/install/include/Geant4/G4Backtrace.hh:525:65: error: expected ‘,’ or ‘;’ before ‘)’ token
  525 |   auto bt = GetMangled<256, 3>([](const char* _s) { return _s; });
      |                                                                 ^
In file included from /data3/ROOT/root_latest/root_install/include/ROOT/RConfig.hxx:23,
                 from /data3/ROOT/root_latest/root_install/include/RtypesCore.h:23,
                 from /data3/ROOT/root_latest/root_install/include/Rtypes.h:23,
                 from /data3/ROOT/root_latest/root_install/include/TString.h:26,
                 from /data4/tbt23/smsimulator5.5/smg4lib/include/SimDataManager.hh:6,
                 from src/DeutTrackingAction.cc:2:
/data3/ROOT/root_latest/root_install/include/RConfigure.h:30:4: warning: #warning is a GCC extension
   30 | #  warning "The C++ standard in this build does not match ROOT configuration (201402L); this might cause unexpected issues"
      |    ^~~~~~~
/data3/ROOT/root_latest/root_install/include/RConfigure.h:30:4: warning: #warning "The C++ standard in this build does not match ROOT configuration (201402L); this might cause unexpected issues" [-Wcpp]
In file included from /data3/ROOT/root_latest/root_install/include/RtypesCore.h:23,
                 from /data3/ROOT/root_latest/root_install/include/Rtypes.h:23,
                 from /data3/ROOT/root_latest/root_install/include/TString.h:26,
                 from /data4/tbt23/smsimulator5.5/smg4lib/include/SimDataManager.hh:6,
                 from src/DeutTrackingAction.cc:2:
/data3/ROOT/root_latest/root_install/include/ROOT/RConfig.hxx:48:4: error: #error "ROOT requires support for C++14 or higher."
   48 | #  error "ROOT requires support for C++14 or higher."
      |    ^~~~~
/data3/ROOT/root_latest/root_install/include/ROOT/RConfig.hxx:50:5: error: #error "Pass `-std=c++14` as compiler argument."
   50 | #   error "Pass `-std=c++14` as compiler argument."
      |     ^~~~~
In file included from /data4/Bryan/geant4-11.1.2/install/include/Geant4/globals.hh:50,
                 from /data4/Bryan/geant4-11.1.2/install/include/Geant4/G4ThreeVector.hh:33,
                 from include/DeutTrackingAction.hh:5,
                 from src/DeutTrackingAction.cc:1:
/data4/Bryan/geant4-11.1.2/install/include/Geant4/G4String.hh:117:31: error: ‘std::string_view’ has not been declared
  117 |   inline G4int compareTo(std::string_view, caseCompare mode = exact) const;
      |                               ^~~~~~~~~~~
/data4/Bryan/geant4-11.1.2/install/include/Geant4/G4String.hh:222:52: error: ‘std::string_view’ has not been declared
  222 |   inline G4bool contains(const G4String& str, std::string_view ss);
      |                                                    ^~~~~~~~~~~
/data4/Bryan/geant4-11.1.2/install/include/Geant4/G4String.hh:248:3: warning: inline variables are only available with ‘-std=c++17’ or ‘-std=gnu++17’
  248 |   inline G4int icompare(std::string_view lhs, std::string_view rhs);
      |   ^~~~~~
/data4/Bryan/geant4-11.1.2/install/include/Geant4/G4String.hh:248:30: error: ‘string_view’ is not a member of ‘std’
  248 |   inline G4int icompare(std::string_view lhs, std::string_view rhs);
      |                              ^~~~~~~~~~~
/data4/Bryan/geant4-11.1.2/install/include/Geant4/G4String.hh:248:30: note: ‘std::string_view’ is only available from C++17 onwards
/data4/Bryan/geant4-11.1.2/install/include/Geant4/G4String.hh:248:52: error: ‘string_view’ is not a member of ‘std’
  248 |   inline G4int icompare(std::string_view lhs, std::string_view rhs);
      |                                                    ^~~~~~~~~~~
/data4/Bryan/geant4-11.1.2/install/include/Geant4/G4String.hh:248:52: note: ‘std::string_view’ is only available from C++17 onwards
/data4/Bryan/geant4-11.1.2/install/include/Geant4/G4String.hh:248:67: error: expression list treated as compound expression in initializer [-fpermissive]
  248 |   inline G4int icompare(std::string_view lhs, std::string_view rhs);
      |                                                                   ^
/data4/Bryan/geant4-11.1.2/install/include/Geant4/G4String.hh:255:53: error: ‘std::string_view’ has not been declared
  255 |   inline bool starts_with(const G4String& str, std::string_view ss);
      |                                                     ^~~~~~~~~~~
/data4/Bryan/geant4-11.1.2/install/include/Geant4/G4String.hh:276:51: error: ‘std::string_view’ has not been declared
  276 |   inline bool ends_with(const G4String& str, std::string_view ss);
      |                                                   ^~~~~~~~~~~
In file included from /data4/Bryan/geant4-11.1.2/install/include/Geant4/G4String.hh:316,
                 from /data4/Bryan/geant4-11.1.2/install/include/Geant4/globals.hh:50,
                 from /data4/Bryan/geant4-11.1.2/install/include/Geant4/G4ThreeVector.hh:33,
                 from include/DeutTrackingAction.hh:5,
                 from src/DeutTrackingAction.cc:1:
/data4/Bryan/geant4-11.1.2/install/include/Geant4/G4String.icc:73:1: warning: inline variables are only available with ‘-std=c++17’ or ‘-std=gnu++17’
   73 | inline G4int G4String::compareTo(std::string_view str, caseCompare mode) const
      | ^~~~~~
/data4/Bryan/geant4-11.1.2/install/include/Geant4/G4String.icc:73:14: error: ‘G4int G4String::compareTo’ is not a static data member of ‘class G4String’
   73 | inline G4int G4String::compareTo(std::string_view str, caseCompare mode) const
      |              ^~~~~~~~
/data4/Bryan/geant4-11.1.2/install/include/Geant4/G4String.icc:73:39: error: ‘string_view’ is not a member of ‘std’
   73 | inline G4int G4String::compareTo(std::string_view str, caseCompare mode) const
      |                                       ^~~~~~~~~~~
/data4/Bryan/geant4-11.1.2/install/include/Geant4/G4String.icc:73:39: note: ‘std::string_view’ is only available from C++17 onwards
/data4/Bryan/geant4-11.1.2/install/include/Geant4/G4String.icc:73:68: error: expected primary-expression before ‘mode’
   73 | inline G4int G4String::compareTo(std::string_view str, caseCompare mode) const
      |                                                                    ^~~~
/data4/Bryan/geant4-11.1.2/install/include/Geant4/G4String.icc:73:72: error: expression list treated as compound expression in initializer [-fpermissive]
   73 | inline G4int G4String::compareTo(std::string_view str, caseCompare mode) const
      |                                                                        ^
/data4/Bryan/geant4-11.1.2/install/include/Geant4/G4String.icc:210:52: error: ‘std::string_view’ has not been declared
  210 |   inline G4bool contains(const G4String& str, std::string_view ss)
      |                                                    ^~~~~~~~~~~
/data4/Bryan/geant4-11.1.2/install/include/Geant4/G4String.icc:230:3: warning: inline variables are only available with ‘-std=c++17’ or ‘-std=gnu++17’
  230 |   inline G4int icompare(std::string_view lhs, std::string_view rhs)
      |   ^~~~~~
/data4/Bryan/geant4-11.1.2/install/include/Geant4/G4String.icc:230:16: error: redefinition of ‘G4int G4StrUtil::icompare’
  230 |   inline G4int icompare(std::string_view lhs, std::string_view rhs)
      |                ^~~~~~~~
In file included from /data4/Bryan/geant4-11.1.2/install/include/Geant4/globals.hh:50,
                 from /data4/Bryan/geant4-11.1.2/install/include/Geant4/G4ThreeVector.hh:33,
                 from include/DeutTrackingAction.hh:5,
                 from src/DeutTrackingAction.cc:1:
/data4/Bryan/geant4-11.1.2/install/include/Geant4/G4String.hh:248:16: note: ‘G4int G4StrUtil::icompare’ previously defined here
  248 |   inline G4int icompare(std::string_view lhs, std::string_view rhs);
      |                ^~~~~~~~
In file included from /data4/Bryan/geant4-11.1.2/install/include/Geant4/G4String.hh:316,
                 from /data4/Bryan/geant4-11.1.2/install/include/Geant4/globals.hh:50,
                 from /data4/Bryan/geant4-11.1.2/install/include/Geant4/G4ThreeVector.hh:33,
                 from include/DeutTrackingAction.hh:5,
                 from src/DeutTrackingAction.cc:1:
/data4/Bryan/geant4-11.1.2/install/include/Geant4/G4String.icc:230:30: error: ‘string_view’ is not a member of ‘std’
  230 |   inline G4int icompare(std::string_view lhs, std::string_view rhs)
      |                              ^~~~~~~~~~~
/data4/Bryan/geant4-11.1.2/install/include/Geant4/G4String.icc:230:30: note: ‘std::string_view’ is only available from C++17 onwards
/data4/Bryan/geant4-11.1.2/install/include/Geant4/G4String.icc:230:52: error: ‘string_view’ is not a member of ‘std’
  230 |   inline G4int icompare(std::string_view lhs, std::string_view rhs)
      |                                                    ^~~~~~~~~~~
/data4/Bryan/geant4-11.1.2/install/include/Geant4/G4String.icc:230:52: note: ‘std::string_view’ is only available from C++17 onwards
/data4/Bryan/geant4-11.1.2/install/include/Geant4/G4String.icc:237:53: error: ‘std::string_view’ has not been declared
  237 |   inline bool starts_with(const G4String& str, std::string_view ss)
      |                                                     ^~~~~~~~~~~
/data4/Bryan/geant4-11.1.2/install/include/Geant4/G4String.icc:257:51: error: ‘std::string_view’ has not been declared
  257 |   inline bool ends_with(const G4String& str, std::string_view ss)
      |                                                   ^~~~~~~~~~~
/data4/Bryan/geant4-11.1.2/install/include/Geant4/G4String.icc: In function ‘bool G4StrUtil::ends_with(const G4String&, int)’:
/data4/Bryan/geant4-11.1.2/install/include/Geant4/G4String.icc:259:26: error: request for member ‘length’ in ‘ss’, which is of non-class type ‘int’
  259 |     if(str.length() < ss.length())
      |                          ^~~~~~
/data4/Bryan/geant4-11.1.2/install/include/Geant4/G4String.icc:263:42: error: request for member ‘length’ in ‘ss’, which is of non-class type ‘int’
  263 |     return str.compare(str.length() - ss.length(), ss.length(), ss) == 0;
      |                                          ^~~~~~
/data4/Bryan/geant4-11.1.2/install/include/Geant4/G4String.icc:263:55: error: request for member ‘length’ in ‘ss’, which is of non-class type ‘int’
  263 |     return str.compare(str.length() - ss.length(), ss.length(), ss) == 0;
      |                                                       ^~~~~~
/data4/Bryan/geant4-11.1.2/install/include/Geant4/G4String.icc: In function ‘bool G4StrUtil::ends_with(const G4String&, const char*)’:
/data4/Bryan/geant4-11.1.2/install/include/Geant4/G4String.icc:273:10: error: ‘string_view’ is not a member of ‘std’
  273 |     std::string_view sv(ss);
      |          ^~~~~~~~~~~
/data4/Bryan/geant4-11.1.2/install/include/Geant4/G4String.icc:273:10: note: ‘std::string_view’ is only available from C++17 onwards
/data4/Bryan/geant4-11.1.2/install/include/Geant4/G4String.icc:274:27: error: ‘sv’ was not declared in this scope; did you mean ‘ss’?
  274 |     return ends_with(str, sv);
      |                           ^~
      |                           ss
/data4/Bryan/geant4-11.1.2/install/include/Geant4/G4String.icc:271:58: warning: unused parameter ‘ss’ [-Wunused-parameter]
  271 |   inline bool ends_with(const G4String& str, const char* ss)
      |                                              ~~~~~~~~~~~~^~
In file included from /data3/ROOT/root_latest/root_install/include/TString.h:29,
                 from /data4/tbt23/smsimulator5.5/smg4lib/include/SimDataManager.hh:6,
                 from src/DeutTrackingAction.cc:2:
/data3/ROOT/root_latest/root_install/include/ROOT/RStringView.hxx: At global scope:
/data3/ROOT/root_latest/root_install/include/ROOT/RStringView.hxx:38:37: error: ‘experimental’ in namespace ‘std’ does not name a type
   38 |    using basic_string_view = ::std::experimental::basic_string_view<_CharT,_Traits>;
      |                                     ^~~~~~~~~~~~
/data3/ROOT/root_latest/root_install/include/ROOT/RStringView.hxx:41:12: error: ‘basic_string_view’ does not name a type
   41 |    typedef basic_string_view<char> string_view;
      |            ^~~~~~~~~~~~~~~~~
/data3/ROOT/root_latest/root_install/include/ROOT/RStringView.hxx:42:12: error: ‘basic_string_view’ does not name a type
   42 |    typedef basic_string_view<char16_t> u16string_view;
      |            ^~~~~~~~~~~~~~~~~
/data3/ROOT/root_latest/root_install/include/ROOT/RStringView.hxx:43:12: error: ‘basic_string_view’ does not name a type
   43 |    typedef basic_string_view<char32_t> u32string_view;
      |            ^~~~~~~~~~~~~~~~~
/data3/ROOT/root_latest/root_install/include/ROOT/RStringView.hxx:44:12: error: ‘basic_string_view’ does not name a type
   44 |    typedef basic_string_view<wchar_t> wstring_view;
      |            ^~~~~~~~~~~~~~~~~
/data3/ROOT/root_latest/root_install/include/ROOT/RStringView.hxx:54:4: warning: inline variables are only available with ‘-std=c++17’ or ‘-std=gnu++17’
   54 |    inline double stod(std::string_view str, size_t *pos)
      |    ^~~~~~
/data3/ROOT/root_latest/root_install/include/ROOT/RStringView.hxx:54:28: error: ‘string_view’ is not a member of ‘std’
   54 |    inline double stod(std::string_view str, size_t *pos)
      |                            ^~~~~~~~~~~
/data3/ROOT/root_latest/root_install/include/ROOT/RStringView.hxx:54:28: note: ‘std::string_view’ is only available from C++17 onwards
/data3/ROOT/root_latest/root_install/include/ROOT/RStringView.hxx:54:52: error: expected primary-expression before ‘*’ token
   54 |    inline double stod(std::string_view str, size_t *pos)
      |                                                    ^
/data3/ROOT/root_latest/root_install/include/ROOT/RStringView.hxx:54:53: error: ‘pos’ was not declared in this scope; did you mean ‘pow’?
   54 |    inline double stod(std::string_view str, size_t *pos)
      |                                                     ^~~
      |                                                     pow
/data3/ROOT/root_latest/root_install/include/ROOT/RStringView.hxx:54:56: error: expression list treated as compound expression in initializer [-fpermissive]
   54 |    inline double stod(std::string_view str, size_t *pos)
      |                                                        ^
/data3/ROOT/root_latest/root_install/include/ROOT/RStringView.hxx:71:56: error: ‘std::string_view’ has not been declared
   71 | inline std::string &operator+=(std::string &left, std::string_view right)
      |                                                        ^~~~~~~~~~~
/data3/ROOT/root_latest/root_install/include/ROOT/RStringView.hxx: In function ‘std::string& std::__ROOT::operator+=(std::string&, int)’:
/data3/ROOT/root_latest/root_install/include/ROOT/RStringView.hxx:73:29: error: request for member ‘data’ in ‘right’, which is of non-class type ‘int’
   73 |    return left.append(right.data(), right.size());
      |                             ^~~~
/data3/ROOT/root_latest/root_install/include/ROOT/RStringView.hxx:73:43: error: request for member ‘size’ in ‘right’, which is of non-class type ‘int’
   73 |    return left.append(right.data(), right.size());
      |                                           ^~~~
/data3/ROOT/root_latest/root_install/include/ROOT/RStringView.hxx: At global scope:
/data3/ROOT/root_latest/root_install/include/ROOT/RStringView.hxx:90:17: error: expected type-specifier
   90 |        operator std::string_view() const { return std::string_view(fData,fLength); }
      |                 ^~~
In file included from /data3/ROOT/root_latest/root_install/include/TString.h:30,
                 from /data4/tbt23/smsimulator5.5/smg4lib/include/SimDataManager.hh:6,
                 from src/DeutTrackingAction.cc:2:
/data3/ROOT/root_latest/root_install/include/ROOT/TypeTraits.hxx:49:54: error: ‘decay_t’ is not a member of ‘std’; did you mean ‘decay’?
   49 |    using arg_types = ROOT::TypeTraits::TypeList<std::decay_t<Args>...>;
      |                                                      ^~~~~~~
      |                                                      decay
/data3/ROOT/root_latest/root_install/include/ROOT/TypeTraits.hxx:49:54: error: ‘decay_t’ is not a member of ‘std’; did you mean ‘decay’?
   49 |    using arg_types = ROOT::TypeTraits::TypeList<std::decay_t<Args>...>;
      |                                                      ^~~~~~~
      |                                                      decay
/data3/ROOT/root_latest/root_install/include/ROOT/TypeTraits.hxx:49:66: error: template argument 1 is invalid
   49 |    using arg_types = ROOT::TypeTraits::TypeList<std::decay_t<Args>...>;
      |                                                                  ^
/data3/ROOT/root_latest/root_install/include/ROOT/TypeTraits.hxx:57:54: error: ‘decay_t’ is not a member of ‘std’; did you mean ‘decay’?
   57 |    using arg_types = ROOT::TypeTraits::TypeList<std::decay_t<Args>...>;
      |                                                      ^~~~~~~
      |                                                      decay
/data3/ROOT/root_latest/root_install/include/ROOT/TypeTraits.hxx:57:54: error: ‘decay_t’ is not a member of ‘std’; did you mean ‘decay’?
   57 |    using arg_types = ROOT::TypeTraits::TypeList<std::decay_t<Args>...>;
      |                                                      ^~~~~~~
      |                                                      decay
/data3/ROOT/root_latest/root_install/include/ROOT/TypeTraits.hxx:57:66: error: template argument 1 is invalid
   57 |    using arg_types = ROOT::TypeTraits::TypeList<std::decay_t<Args>...>;
      |                                                                  ^
/data3/ROOT/root_latest/root_install/include/ROOT/TypeTraits.hxx:65:54: error: ‘decay_t’ is not a member of ‘std’; did you mean ‘decay’?
   65 |    using arg_types = ROOT::TypeTraits::TypeList<std::decay_t<Args>...>;
      |                                                      ^~~~~~~
      |                                                      decay
/data3/ROOT/root_latest/root_install/include/ROOT/TypeTraits.hxx:65:54: error: ‘decay_t’ is not a member of ‘std’; did you mean ‘decay’?
   65 |    using arg_types = ROOT::TypeTraits::TypeList<std::decay_t<Args>...>;
      |                                                      ^~~~~~~
      |                                                      decay
/data3/ROOT/root_latest/root_install/include/ROOT/TypeTraits.hxx:65:66: error: template argument 1 is invalid
   65 |    using arg_types = ROOT::TypeTraits::TypeList<std::decay_t<Args>...>;
      |                                                                  ^
/data3/ROOT/root_latest/root_install/include/ROOT/TypeTraits.hxx:73:54: error: ‘decay_t’ is not a member of ‘std’; did you mean ‘decay’?
   73 |    using arg_types = ROOT::TypeTraits::TypeList<std::decay_t<Args>...>;
      |                                                      ^~~~~~~
      |                                                      decay
/data3/ROOT/root_latest/root_install/include/ROOT/TypeTraits.hxx:73:54: error: ‘decay_t’ is not a member of ‘std’; did you mean ‘decay’?
   73 |    using arg_types = ROOT::TypeTraits::TypeList<std::decay_t<Args>...>;
      |                                                      ^~~~~~~
      |                                                      decay
/data3/ROOT/root_latest/root_install/include/ROOT/TypeTraits.hxx:73:66: error: template argument 1 is invalid
   73 |    using arg_types = ROOT::TypeTraits::TypeList<std::decay_t<Args>...>;
      |                                                                  ^
/data3/ROOT/root_latest/root_install/include/ROOT/TypeTraits.hxx:201:29: error: ‘result_of_t’ in namespace ‘std’ does not name a template type; did you mean ‘result_of’?
  201 | using InvokeResult_t = std::result_of_t<F(Args...)>;
      |                             ^~~~~~~~~~~
      |                             result_of
In file included from /data4/tbt23/smsimulator5.5/smg4lib/include/SimDataManager.hh:6,
                 from src/DeutTrackingAction.cc:2:
/data3/ROOT/root_latest/root_install/include/TString.h:118:13: error: expected type-specifier
  118 |    operator std::string_view() const { return std::string_view(Data(),fExtent); }
      |             ^~~
/data3/ROOT/root_latest/root_install/include/TString.h:291:32: error: ‘string_view’ in namespace ‘std’ does not name a type
  291 |    explicit TString(const std::string_view &sub);
      |                                ^~~~~~~~~~~
/data3/ROOT/root_latest/root_install/include/TString.h:291:27: note: ‘std::string_view’ is only available from C++17 onwards
  291 |    explicit TString(const std::string_view &sub);
      |                           ^~~
/data3/ROOT/root_latest/root_install/include/TString.h:328:37: error: ‘string_view’ in namespace ‘std’ does not name a type
  328 |    TString    &operator=(const std::string_view &s);
      |                                     ^~~~~~~~~~~
/data3/ROOT/root_latest/root_install/include/TString.h:328:32: note: ‘std::string_view’ is only available from C++17 onwards
  328 |    TString    &operator=(const std::string_view &s);
      |                                ^~~
/data3/ROOT/root_latest/root_install/include/TString.h:456:9: error: ‘string_view’ in namespace ‘std’ does not name a type
  456 |    std::string_view View() const { return std::string_view(GetPointer(),Length()); }
      |         ^~~~~~~~~~~
/data3/ROOT/root_latest/root_install/include/TString.h:456:4: note: ‘std::string_view’ is only available from C++17 onwards
  456 |    std::string_view View() const { return std::string_view(GetPointer(),Length()); }
      |    ^~~
In file included from /data4/tbt23/smsimulator5.5/smg4lib/include/SimDataManager.hh:6,
                 from src/DeutTrackingAction.cc:2:
/data3/ROOT/root_latest/root_install/include/TString.h:851:53: error: ‘string_view’ in namespace ‘std’ does not name a type
  851 | inline Bool_t operator==(const char *s1, const std::string_view &s2)
      |                                                     ^~~~~~~~~~~
/data3/ROOT/root_latest/root_install/include/TString.h:851:48: note: ‘std::string_view’ is only available from C++17 onwards
  851 | inline Bool_t operator==(const char *s1, const std::string_view &s2)
      |                                                ^~~
/data3/ROOT/root_latest/root_install/include/TString.h:851:15: error: ‘Bool_t operator==(const char*, const int&)’ must have an argument of class or enumerated type
  851 | inline Bool_t operator==(const char *s1, const std::string_view &s2)
      |               ^~~~~~~~
/data3/ROOT/root_latest/root_install/include/TString.h:856:37: error: ‘string_view’ in namespace ‘std’ does not name a type
  856 | inline Bool_t operator==(const std::string_view &s1, const char *s2)
      |                                     ^~~~~~~~~~~
/data3/ROOT/root_latest/root_install/include/TString.h:856:32: note: ‘std::string_view’ is only available from C++17 onwards
  856 | inline Bool_t operator==(const std::string_view &s1, const char *s2)
      |                                ^~~
/data3/ROOT/root_latest/root_install/include/TString.h:856:15: error: ‘Bool_t operator==(const int&, const char*)’ must have an argument of class or enumerated type
  856 | inline Bool_t operator==(const std::string_view &s1, const char *s2)
      |               ^~~~~~~~
/data3/ROOT/root_latest/root_install/include/TString.h:869:37: error: ‘string_view’ in namespace ‘std’ does not name a type
  869 |   std::string printValue(const std::string_view* val);
      |                                     ^~~~~~~~~~~
/data3/ROOT/root_latest/root_install/include/TString.h:869:32: note: ‘std::string_view’ is only available from C++17 onwards
  869 |   std::string printValue(const std::string_view* val);
      |                                ^~~
In file included from /data3/ROOT/root_latest/root_install/include/ROOT/RConfig.hxx:23,
                 from /data3/ROOT/root_latest/root_install/include/RtypesCore.h:23,
                 from /data3/ROOT/root_latest/root_install/include/Rtypes.h:23,
                 from /data3/ROOT/root_latest/root_install/include/TString.h:26,
                 from /data4/tbt23/smsimulator5.5/smg4lib/include/SimDataManager.hh:6,
                 from src/DeutSteppingAction.cc:2:
/data3/ROOT/root_latest/root_install/include/RConfigure.h:30:4: warning: #warning is a GCC extension
   30 | #  warning "The C++ standard in this build does not match ROOT configuration (201402L); this might cause unexpected issues"
      |    ^~~~~~~
/data3/ROOT/root_latest/root_install/include/RConfigure.h:30:4: warning: #warning "The C++ standard in this build does not match ROOT configuration (201402L); this might cause unexpected issues" [-Wcpp]
In file included from /data3/ROOT/root_latest/root_install/include/RtypesCore.h:23,
                 from /data3/ROOT/root_latest/root_install/include/Rtypes.h:23,
                 from /data3/ROOT/root_latest/root_install/include/TString.h:26,
                 from /data4/tbt23/smsimulator5.5/smg4lib/include/SimDataManager.hh:6,
                 from src/DeutSteppingAction.cc:2:
/data3/ROOT/root_latest/root_install/include/ROOT/RConfig.hxx:48:4: error: #error "ROOT requires support for C++14 or higher."
   48 | #  error "ROOT requires support for C++14 or higher."
      |    ^~~~~
/data3/ROOT/root_latest/root_install/include/ROOT/RConfig.hxx:50:5: error: #error "Pass `-std=c++14` as compiler argument."
   50 | #   error "Pass `-std=c++14` as compiler argument."
      |     ^~~~~
In file included from /data4/Bryan/geant4-11.1.2/install/include/Geant4/globals.hh:50,
                 from /data4/Bryan/geant4-11.1.2/install/include/Geant4/G4ThreeVector.hh:33,
                 from include/DeutSteppingAction.hh:5,
                 from src/DeutSteppingAction.cc:1:
/data4/Bryan/geant4-11.1.2/install/include/Geant4/G4String.hh:117:31: error: ‘std::string_view’ has not been declared
  117 |   inline G4int compareTo(std::string_view, caseCompare mode = exact) const;
      |                               ^~~~~~~~~~~
/data4/Bryan/geant4-11.1.2/install/include/Geant4/G4String.hh:222:52: error: ‘std::string_view’ has not been declared
  222 |   inline G4bool contains(const G4String& str, std::string_view ss);
      |                                                    ^~~~~~~~~~~
/data4/Bryan/geant4-11.1.2/install/include/Geant4/G4String.hh:248:3: warning: inline variables are only available with ‘-std=c++17’ or ‘-std=gnu++17’
  248 |   inline G4int icompare(std::string_view lhs, std::string_view rhs);
      |   ^~~~~~
/data4/Bryan/geant4-11.1.2/install/include/Geant4/G4String.hh:248:30: error: ‘string_view’ is not a member of ‘std’
  248 |   inline G4int icompare(std::string_view lhs, std::string_view rhs);
      |                              ^~~~~~~~~~~
/data4/Bryan/geant4-11.1.2/install/include/Geant4/G4String.hh:248:30: note: ‘std::string_view’ is only available from C++17 onwards
/data4/Bryan/geant4-11.1.2/install/include/Geant4/G4String.hh:248:52: error: ‘string_view’ is not a member of ‘std’
  248 |   inline G4int icompare(std::string_view lhs, std::string_view rhs);
      |                                                    ^~~~~~~~~~~
/data4/Bryan/geant4-11.1.2/install/include/Geant4/G4String.hh:248:52: note: ‘std::string_view’ is only available from C++17 onwards
/data4/Bryan/geant4-11.1.2/install/include/Geant4/G4String.hh:248:67: error: expression list treated as compound expression in initializer [-fpermissive]
  248 |   inline G4int icompare(std::string_view lhs, std::string_view rhs);
      |                                                                   ^
/data4/Bryan/geant4-11.1.2/install/include/Geant4/G4String.hh:255:53: error: ‘std::string_view’ has not been declared
  255 |   inline bool starts_with(const G4String& str, std::string_view ss);
      |                                                     ^~~~~~~~~~~
/data4/Bryan/geant4-11.1.2/install/include/Geant4/G4String.hh:276:51: error: ‘std::string_view’ has not been declared
  276 |   inline bool ends_with(const G4String& str, std::string_view ss);
      |                                                   ^~~~~~~~~~~
In file included from /data4/Bryan/geant4-11.1.2/install/include/Geant4/G4String.hh:316,
                 from /data4/Bryan/geant4-11.1.2/install/include/Geant4/globals.hh:50,
                 from /data4/Bryan/geant4-11.1.2/install/include/Geant4/G4ThreeVector.hh:33,
                 from include/DeutSteppingAction.hh:5,
                 from src/DeutSteppingAction.cc:1:
/data4/Bryan/geant4-11.1.2/install/include/Geant4/G4String.icc:73:1: warning: inline variables are only available with ‘-std=c++17’ or ‘-std=gnu++17’
   73 | inline G4int G4String::compareTo(std::string_view str, caseCompare mode) const
      | ^~~~~~
/data4/Bryan/geant4-11.1.2/install/include/Geant4/G4String.icc:73:14: error: ‘G4int G4String::compareTo’ is not a static data member of ‘class G4String’
   73 | inline G4int G4String::compareTo(std::string_view str, caseCompare mode) const
      |              ^~~~~~~~
/data4/Bryan/geant4-11.1.2/install/include/Geant4/G4String.icc:73:39: error: ‘string_view’ is not a member of ‘std’
   73 | inline G4int G4String::compareTo(std::string_view str, caseCompare mode) const
      |                                       ^~~~~~~~~~~
/data4/Bryan/geant4-11.1.2/install/include/Geant4/G4String.icc:73:39: note: ‘std::string_view’ is only available from C++17 onwards
/data4/Bryan/geant4-11.1.2/install/include/Geant4/G4String.icc:73:68: error: expected primary-expression before ‘mode’
   73 | inline G4int G4String::compareTo(std::string_view str, caseCompare mode) const
      |                                                                    ^~~~
/data4/Bryan/geant4-11.1.2/install/include/Geant4/G4String.icc:73:72: error: expression list treated as compound expression in initializer [-fpermissive]
   73 | inline G4int G4String::compareTo(std::string_view str, caseCompare mode) const
      |                                                                        ^
/data4/Bryan/geant4-11.1.2/install/include/Geant4/G4String.icc:210:52: error: ‘std::string_view’ has not been declared
  210 |   inline G4bool contains(const G4String& str, std::string_view ss)
      |                                                    ^~~~~~~~~~~
/data4/Bryan/geant4-11.1.2/install/include/Geant4/G4String.icc:230:3: warning: inline variables are only available with ‘-std=c++17’ or ‘-std=gnu++17’
  230 |   inline G4int icompare(std::string_view lhs, std::string_view rhs)
      |   ^~~~~~
/data4/Bryan/geant4-11.1.2/install/include/Geant4/G4String.icc:230:16: error: redefinition of ‘G4int G4StrUtil::icompare’
  230 |   inline G4int icompare(std::string_view lhs, std::string_view rhs)
      |                ^~~~~~~~
In file included from /data4/Bryan/geant4-11.1.2/install/include/Geant4/globals.hh:50,
                 from /data4/Bryan/geant4-11.1.2/install/include/Geant4/G4ThreeVector.hh:33,
                 from include/DeutSteppingAction.hh:5,
                 from src/DeutSteppingAction.cc:1:
/data4/Bryan/geant4-11.1.2/install/include/Geant4/G4String.hh:248:16: note: ‘G4int G4StrUtil::icompare’ previously defined here
  248 |   inline G4int icompare(std::string_view lhs, std::string_view rhs);
      |                ^~~~~~~~
In file included from /data4/Bryan/geant4-11.1.2/install/include/Geant4/G4String.hh:316,
                 from /data4/Bryan/geant4-11.1.2/install/include/Geant4/globals.hh:50,
                 from /data4/Bryan/geant4-11.1.2/install/include/Geant4/G4ThreeVector.hh:33,
                 from include/DeutSteppingAction.hh:5,
                 from src/DeutSteppingAction.cc:1:
/data4/Bryan/geant4-11.1.2/install/include/Geant4/G4String.icc:230:30: error: ‘string_view’ is not a member of ‘std’
  230 |   inline G4int icompare(std::string_view lhs, std::string_view rhs)
      |                              ^~~~~~~~~~~
/data4/Bryan/geant4-11.1.2/install/include/Geant4/G4String.icc:230:30: note: ‘std::string_view’ is only available from C++17 onwards
/data4/Bryan/geant4-11.1.2/install/include/Geant4/G4String.icc:230:52: error: ‘string_view’ is not a member of ‘std’
  230 |   inline G4int icompare(std::string_view lhs, std::string_view rhs)
      |                                                    ^~~~~~~~~~~
/data4/Bryan/geant4-11.1.2/install/include/Geant4/G4String.icc:230:52: note: ‘std::string_view’ is only available from C++17 onwards
/data4/Bryan/geant4-11.1.2/install/include/Geant4/G4String.icc:237:53: error: ‘std::string_view’ has not been declared
  237 |   inline bool starts_with(const G4String& str, std::string_view ss)
      |                                                     ^~~~~~~~~~~
/data4/Bryan/geant4-11.1.2/install/include/Geant4/G4String.icc:257:51: error: ‘std::string_view’ has not been declared
  257 |   inline bool ends_with(const G4String& str, std::string_view ss)
      |                                                   ^~~~~~~~~~~
/data4/Bryan/geant4-11.1.2/install/include/Geant4/G4String.icc: In function ‘bool G4StrUtil::ends_with(const G4String&, int)’:
/data4/Bryan/geant4-11.1.2/install/include/Geant4/G4String.icc:259:26: error: request for member ‘length’ in ‘ss’, which is of non-class type ‘int’
  259 |     if(str.length() < ss.length())
      |                          ^~~~~~
/data4/Bryan/geant4-11.1.2/install/include/Geant4/G4String.icc:263:42: error: request for member ‘length’ in ‘ss’, which is of non-class type ‘int’
  263 |     return str.compare(str.length() - ss.length(), ss.length(), ss) == 0;
      |                                          ^~~~~~
/data4/Bryan/geant4-11.1.2/install/include/Geant4/G4String.icc:263:55: error: request for member ‘length’ in ‘ss’, which is of non-class type ‘int’
  263 |     return str.compare(str.length() - ss.length(), ss.length(), ss) == 0;
      |                                                       ^~~~~~
/data4/Bryan/geant4-11.1.2/install/include/Geant4/G4String.icc: In function ‘bool G4StrUtil::ends_with(const G4String&, const char*)’:
/data4/Bryan/geant4-11.1.2/install/include/Geant4/G4String.icc:273:10: error: ‘string_view’ is not a member of ‘std’
  273 |     std::string_view sv(ss);
      |          ^~~~~~~~~~~
/data4/Bryan/geant4-11.1.2/install/include/Geant4/G4String.icc:273:10: note: ‘std::string_view’ is only available from C++17 onwards
/data4/Bryan/geant4-11.1.2/install/include/Geant4/G4String.icc:274:27: error: ‘sv’ was not declared in this scope; did you mean ‘ss’?
  274 |     return ends_with(str, sv);
      |                           ^~
      |                           ss
/data4/Bryan/geant4-11.1.2/install/include/Geant4/G4String.icc:271:58: warning: unused parameter ‘ss’ [-Wunused-parameter]
  271 |   inline bool ends_with(const G4String& str, const char* ss)
      |                                              ~~~~~~~~~~~~^~
In file included from /data3/ROOT/root_latest/root_install/include/TString.h:29,
                 from /data4/tbt23/smsimulator5.5/smg4lib/include/SimDataManager.hh:6,
                 from src/DeutSteppingAction.cc:2:
/data3/ROOT/root_latest/root_install/include/ROOT/RStringView.hxx: At global scope:
/data3/ROOT/root_latest/root_install/include/ROOT/RStringView.hxx:38:37: error: ‘experimental’ in namespace ‘std’ does not name a type
   38 |    using basic_string_view = ::std::experimental::basic_string_view<_CharT,_Traits>;
      |                                     ^~~~~~~~~~~~
/data3/ROOT/root_latest/root_install/include/ROOT/RStringView.hxx:41:12: error: ‘basic_string_view’ does not name a type
   41 |    typedef basic_string_view<char> string_view;
      |            ^~~~~~~~~~~~~~~~~
/data3/ROOT/root_latest/root_install/include/ROOT/RStringView.hxx:42:12: error: ‘basic_string_view’ does not name a type
   42 |    typedef basic_string_view<char16_t> u16string_view;
      |            ^~~~~~~~~~~~~~~~~
/data3/ROOT/root_latest/root_install/include/ROOT/RStringView.hxx:43:12: error: ‘basic_string_view’ does not name a type
   43 |    typedef basic_string_view<char32_t> u32string_view;
      |            ^~~~~~~~~~~~~~~~~
/data3/ROOT/root_latest/root_install/include/ROOT/RStringView.hxx:44:12: error: ‘basic_string_view’ does not name a type
   44 |    typedef basic_string_view<wchar_t> wstring_view;
      |            ^~~~~~~~~~~~~~~~~
/data3/ROOT/root_latest/root_install/include/ROOT/RStringView.hxx:54:4: warning: inline variables are only available with ‘-std=c++17’ or ‘-std=gnu++17’
   54 |    inline double stod(std::string_view str, size_t *pos)
      |    ^~~~~~
/data3/ROOT/root_latest/root_install/include/ROOT/RStringView.hxx:54:28: error: ‘string_view’ is not a member of ‘std’
   54 |    inline double stod(std::string_view str, size_t *pos)
      |                            ^~~~~~~~~~~
/data3/ROOT/root_latest/root_install/include/ROOT/RStringView.hxx:54:28: note: ‘std::string_view’ is only available from C++17 onwards
/data3/ROOT/root_latest/root_install/include/ROOT/RStringView.hxx:54:52: error: expected primary-expression before ‘*’ token
   54 |    inline double stod(std::string_view str, size_t *pos)
      |                                                    ^
/data3/ROOT/root_latest/root_install/include/ROOT/RStringView.hxx:54:53: error: ‘pos’ was not declared in this scope; did you mean ‘pow’?
   54 |    inline double stod(std::string_view str, size_t *pos)
      |                                                     ^~~
      |                                                     pow
/data3/ROOT/root_latest/root_install/include/ROOT/RStringView.hxx:54:56: error: expression list treated as compound expression in initializer [-fpermissive]
   54 |    inline double stod(std::string_view str, size_t *pos)
      |                                                        ^
/data3/ROOT/root_latest/root_install/include/ROOT/RStringView.hxx:71:56: error: ‘std::string_view’ has not been declared
   71 | inline std::string &operator+=(std::string &left, std::string_view right)
      |                                                        ^~~~~~~~~~~
/data3/ROOT/root_latest/root_install/include/ROOT/RStringView.hxx: In function ‘std::string& std::__ROOT::operator+=(std::string&, int)’:
/data3/ROOT/root_latest/root_install/include/ROOT/RStringView.hxx:73:29: error: request for member ‘data’ in ‘right’, which is of non-class type ‘int’
   73 |    return left.append(right.data(), right.size());
      |                             ^~~~
/data3/ROOT/root_latest/root_install/include/ROOT/RStringView.hxx:73:43: error: request for member ‘size’ in ‘right’, which is of non-class type ‘int’
   73 |    return left.append(right.data(), right.size());
      |                                           ^~~~
/data3/ROOT/root_latest/root_install/include/ROOT/RStringView.hxx: At global scope:
/data3/ROOT/root_latest/root_install/include/ROOT/RStringView.hxx:90:17: error: expected type-specifier
   90 |        operator std::string_view() const { return std::string_view(fData,fLength); }
      |                 ^~~
In file included from /data3/ROOT/root_latest/root_install/include/TString.h:30,
                 from /data4/tbt23/smsimulator5.5/smg4lib/include/SimDataManager.hh:6,
                 from src/DeutSteppingAction.cc:2:
/data3/ROOT/root_latest/root_install/include/ROOT/TypeTraits.hxx:49:54: error: ‘decay_t’ is not a member of ‘std’; did you mean ‘decay’?
   49 |    using arg_types = ROOT::TypeTraits::TypeList<std::decay_t<Args>...>;
      |                                                      ^~~~~~~
      |                                                      decay
/data3/ROOT/root_latest/root_install/include/ROOT/TypeTraits.hxx:49:54: error: ‘decay_t’ is not a member of ‘std’; did you mean ‘decay’?
   49 |    using arg_types = ROOT::TypeTraits::TypeList<std::decay_t<Args>...>;
      |                                                      ^~~~~~~
      |                                                      decay
/data3/ROOT/root_latest/root_install/include/ROOT/TypeTraits.hxx:49:66: error: template argument 1 is invalid
   49 |    using arg_types = ROOT::TypeTraits::TypeList<std::decay_t<Args>...>;
      |                                                                  ^
/data3/ROOT/root_latest/root_install/include/ROOT/TypeTraits.hxx:57:54: error: ‘decay_t’ is not a member of ‘std’; did you mean ‘decay’?
   57 |    using arg_types = ROOT::TypeTraits::TypeList<std::decay_t<Args>...>;
      |                                                      ^~~~~~~
      |                                                      decay
/data3/ROOT/root_latest/root_install/include/ROOT/TypeTraits.hxx:57:54: error: ‘decay_t’ is not a member of ‘std’; did you mean ‘decay’?
   57 |    using arg_types = ROOT::TypeTraits::TypeList<std::decay_t<Args>...>;
      |                                                      ^~~~~~~
      |                                                      decay
/data3/ROOT/root_latest/root_install/include/ROOT/TypeTraits.hxx:57:66: error: template argument 1 is invalid
   57 |    using arg_types = ROOT::TypeTraits::TypeList<std::decay_t<Args>...>;
      |                                                                  ^
/data3/ROOT/root_latest/root_install/include/ROOT/TypeTraits.hxx:65:54: error: ‘decay_t’ is not a member of ‘std’; did you mean ‘decay’?
   65 |    using arg_types = ROOT::TypeTraits::TypeList<std::decay_t<Args>...>;
      |                                                      ^~~~~~~
      |                                                      decay
/data3/ROOT/root_latest/root_install/include/ROOT/TypeTraits.hxx:65:54: error: ‘decay_t’ is not a member of ‘std’; did you mean ‘decay’?
   65 |    using arg_types = ROOT::TypeTraits::TypeList<std::decay_t<Args>...>;
      |                                                      ^~~~~~~
      |                                                      decay
/data3/ROOT/root_latest/root_install/include/ROOT/TypeTraits.hxx:65:66: error: template argument 1 is invalid
   65 |    using arg_types = ROOT::TypeTraits::TypeList<std::decay_t<Args>...>;
      |                                                                  ^
/data3/ROOT/root_latest/root_install/include/ROOT/TypeTraits.hxx:73:54: error: ‘decay_t’ is not a member of ‘std’; did you mean ‘decay’?
   73 |    using arg_types = ROOT::TypeTraits::TypeList<std::decay_t<Args>...>;
      |                                                      ^~~~~~~
      |                                                      decay
/data3/ROOT/root_latest/root_install/include/ROOT/TypeTraits.hxx:73:54: error: ‘decay_t’ is not a member of ‘std’; did you mean ‘decay’?
   73 |    using arg_types = ROOT::TypeTraits::TypeList<std::decay_t<Args>...>;
      |                                                      ^~~~~~~
      |                                                      decay
/data3/ROOT/root_latest/root_install/include/ROOT/TypeTraits.hxx:73:66: error: template argument 1 is invalid
   73 |    using arg_types = ROOT::TypeTraits::TypeList<std::decay_t<Args>...>;
      |                                                                  ^
/data3/ROOT/root_latest/root_install/include/ROOT/TypeTraits.hxx:201:29: error: ‘result_of_t’ in namespace ‘std’ does not name a template type; did you mean ‘result_of’?
  201 | using InvokeResult_t = std::result_of_t<F(Args...)>;
      |                             ^~~~~~~~~~~
      |                             result_of
In file included from /data4/tbt23/smsimulator5.5/smg4lib/include/SimDataManager.hh:6,
                 from src/DeutSteppingAction.cc:2:
/data3/ROOT/root_latest/root_install/include/TString.h:118:13: error: expected type-specifier
  118 |    operator std::string_view() const { return std::string_view(Data(),fExtent); }
      |             ^~~
/data3/ROOT/root_latest/root_install/include/TString.h:291:32: error: ‘string_view’ in namespace ‘std’ does not name a type
  291 |    explicit TString(const std::string_view &sub);
      |                                ^~~~~~~~~~~
/data3/ROOT/root_latest/root_install/include/TString.h:291:27: note: ‘std::string_view’ is only available from C++17 onwards
  291 |    explicit TString(const std::string_view &sub);
      |                           ^~~
/data3/ROOT/root_latest/root_install/include/TString.h:328:37: error: ‘string_view’ in namespace ‘std’ does not name a type
  328 |    TString    &operator=(const std::string_view &s);
      |                                     ^~~~~~~~~~~
/data3/ROOT/root_latest/root_install/include/TString.h:328:32: note: ‘std::string_view’ is only available from C++17 onwards
  328 |    TString    &operator=(const std::string_view &s);
      |                                ^~~
/data3/ROOT/root_latest/root_install/include/TString.h:456:9: error: ‘string_view’ in namespace ‘std’ does not name a type
  456 |    std::string_view View() const { return std::string_view(GetPointer(),Length()); }
      |         ^~~~~~~~~~~
/data3/ROOT/root_latest/root_install/include/TString.h:456:4: note: ‘std::string_view’ is only available from C++17 onwards
  456 |    std::string_view View() const { return std::string_view(GetPointer(),Length()); }
      |    ^~~
In file included from /data4/tbt23/smsimulator5.5/smg4lib/include/SimDataManager.hh:6,
                 from src/DeutSteppingAction.cc:2:
/data3/ROOT/root_latest/root_install/include/TString.h:851:53: error: ‘string_view’ in namespace ‘std’ does not name a type
  851 | inline Bool_t operator==(const char *s1, const std::string_view &s2)
      |                                                     ^~~~~~~~~~~
/data3/ROOT/root_latest/root_install/include/TString.h:851:48: note: ‘std::string_view’ is only available from C++17 onwards
  851 | inline Bool_t operator==(const char *s1, const std::string_view &s2)
      |                                                ^~~
/data3/ROOT/root_latest/root_install/include/TString.h:851:15: error: ‘Bool_t operator==(const char*, const int&)’ must have an argument of class or enumerated type
  851 | inline Bool_t operator==(const char *s1, const std::string_view &s2)
      |               ^~~~~~~~
/data3/ROOT/root_latest/root_install/include/TString.h:856:37: error: ‘string_view’ in namespace ‘std’ does not name a type
  856 | inline Bool_t operator==(const std::string_view &s1, const char *s2)
      |                                     ^~~~~~~~~~~
/data3/ROOT/root_latest/root_install/include/TString.h:856:32: note: ‘std::string_view’ is only available from C++17 onwards
  856 | inline Bool_t operator==(const std::string_view &s1, const char *s2)
      |                                ^~~
/data3/ROOT/root_latest/root_install/include/TString.h:856:15: error: ‘Bool_t operator==(const int&, const char*)’ must have an argument of class or enumerated type
  856 | inline Bool_t operator==(const std::string_view &s1, const char *s2)
      |               ^~~~~~~~
/data3/ROOT/root_latest/root_install/include/TString.h:869:37: error: ‘string_view’ in namespace ‘std’ does not name a type
  869 |   std::string printValue(const std::string_view* val);
      |                                     ^~~~~~~~~~~
/data3/ROOT/root_latest/root_install/include/TString.h:869:32: note: ‘std::string_view’ is only available from C++17 onwards
  869 |   std::string printValue(const std::string_view* val);
      |                                ^~~
Makefile:33: recipe for target 'libsim_deuteron.so' failed
make: *** [libsim_deuteron.so] Error 1
